---------------------------------------------------------------
[ 2018-05-12T10:23:13+08:00 ] 127.0.0.1 127.0.0.1 GET /
[ info ] local.blog.com/ [运行时间：0.109493s][吞吐率：9.13req/s] [内存消耗：1,647.30kb] [文件加载：43]
[ info ] [ LANG ] G:\phpStudy\WWW\think\thinkphp\lang\zh-cn.php
[ info ] [ ROUTE ] array (
  'type' => 'module',
  'module' => 
  array (
    0 => '',
    1 => NULL,
    2 => NULL,
  ),
)
[ info ] [ HEADER ] array (
  'accept-language' => 'zh-CN,zh;q=0.9',
  'accept-encoding' => 'gzip, deflate',
  'accept' => 'text/html,application/xhtml+xml,application/xml;q=0.9,image/webp,image/apng,*/*;q=0.8',
  'user-agent' => 'Mozilla/5.0 (Windows NT 10.0; WOW64) AppleWebKit/537.36 (KHTML, like Gecko) Chrome/67.0.3396.10 Safari/537.36',
  'upgrade-insecure-requests' => '1',
  'connection' => 'keep-alive',
  'host' => 'local.blog.com',
  'content-length' => '',
  'content-type' => '',
)
[ info ] [ PARAM ] array (
)
[ info ] [ DB ] INIT mysql
[ info ] [ LOG ] INIT File
[ error ] [1045]SQLSTATE[HY000] [1045] Access denied for user 'root'@'127.0.0.1' (using password: NO)[G:\phpStudy\WWW\think\thinkphp\library\think\db\Connection.php:293]
---------------------------------------------------------------
[ 2018-05-12T10:25:32+08:00 ] 127.0.0.1 127.0.0.1 GET /
[ info ] local.blog.com/ [运行时间：0.073047s][吞吐率：13.69req/s] [内存消耗：1,679.73kb] [文件加载：47]
[ info ] [ LANG ] G:\phpStudy\WWW\think\thinkphp\lang\zh-cn.php
[ info ] [ ROUTE ] array (
  'type' => 'module',
  'module' => 
  array (
    0 => '',
    1 => NULL,
    2 => NULL,
  ),
)
[ info ] [ HEADER ] array (
  'cookie' => 'thinkphp_show_page_trace=0|0',
  'accept-language' => 'zh-CN,zh;q=0.9',
  'accept-encoding' => 'gzip, deflate',
  'accept' => 'text/html,application/xhtml+xml,application/xml;q=0.9,image/webp,image/apng,*/*;q=0.8',
  'user-agent' => 'Mozilla/5.0 (Windows NT 10.0; WOW64) AppleWebKit/537.36 (KHTML, like Gecko) Chrome/67.0.3396.10 Safari/537.36',
  'upgrade-insecure-requests' => '1',
  'cache-control' => 'max-age=0',
  'connection' => 'keep-alive',
  'host' => 'local.blog.com',
  'content-length' => '',
  'content-type' => '',
)
[ info ] [ PARAM ] array (
)
[ info ] [ DB ] INIT mysql
[ info ] [ LOG ] INIT File
[ sql ] [ DB ] CONNECT:[ UseTime:0.011097s ] mysql:host=127.0.0.1;port=3306;dbname=blog;charset=utf8
[ error ] [10501]SQLSTATE[42S02]: Base table or view not found: 1146 Table 'blog.blog_web_config' doesn't exist[G:\phpStudy\WWW\think\thinkphp\library\think\db\Connection.php:388]
---------------------------------------------------------------
[ 2018-05-12T10:25:36+08:00 ] 127.0.0.1 127.0.0.1 GET /
[ info ] local.blog.com/ [运行时间：0.072186s][吞吐率：13.85req/s] [内存消耗：1,679.73kb] [文件加载：47]
[ info ] [ LANG ] G:\phpStudy\WWW\think\thinkphp\lang\zh-cn.php
[ info ] [ ROUTE ] array (
  'type' => 'module',
  'module' => 
  array (
    0 => '',
    1 => NULL,
    2 => NULL,
  ),
)
[ info ] [ HEADER ] array (
  'cookie' => 'thinkphp_show_page_trace=0|0',
  'accept-language' => 'zh-CN,zh;q=0.9',
  'accept-encoding' => 'gzip, deflate',
  'accept' => 'text/html,application/xhtml+xml,application/xml;q=0.9,image/webp,image/apng,*/*;q=0.8',
  'user-agent' => 'Mozilla/5.0 (Windows NT 10.0; WOW64) AppleWebKit/537.36 (KHTML, like Gecko) Chrome/67.0.3396.10 Safari/537.36',
  'upgrade-insecure-requests' => '1',
  'cache-control' => 'max-age=0',
  'connection' => 'keep-alive',
  'host' => 'local.blog.com',
  'content-length' => '',
  'content-type' => '',
)
[ info ] [ PARAM ] array (
)
[ info ] [ DB ] INIT mysql
[ info ] [ LOG ] INIT File
[ sql ] [ DB ] CONNECT:[ UseTime:0.009790s ] mysql:host=127.0.0.1;port=3306;dbname=blog;charset=utf8
[ error ] [10501]SQLSTATE[42S02]: Base table or view not found: 1146 Table 'blog.blog_web_config' doesn't exist[G:\phpStudy\WWW\think\thinkphp\library\think\db\Connection.php:388]
---------------------------------------------------------------
[ 2018-05-12T10:25:37+08:00 ] 127.0.0.1 127.0.0.1 GET /
[ info ] local.blog.com/ [运行时间：0.061895s][吞吐率：16.16req/s] [内存消耗：1,679.73kb] [文件加载：47]
[ info ] [ LANG ] G:\phpStudy\WWW\think\thinkphp\lang\zh-cn.php
[ info ] [ ROUTE ] array (
  'type' => 'module',
  'module' => 
  array (
    0 => '',
    1 => NULL,
    2 => NULL,
  ),
)
[ info ] [ HEADER ] array (
  'cookie' => 'thinkphp_show_page_trace=0|0',
  'accept-language' => 'zh-CN,zh;q=0.9',
  'accept-encoding' => 'gzip, deflate',
  'accept' => 'text/html,application/xhtml+xml,application/xml;q=0.9,image/webp,image/apng,*/*;q=0.8',
  'user-agent' => 'Mozilla/5.0 (Windows NT 10.0; WOW64) AppleWebKit/537.36 (KHTML, like Gecko) Chrome/67.0.3396.10 Safari/537.36',
  'upgrade-insecure-requests' => '1',
  'cache-control' => 'max-age=0',
  'connection' => 'keep-alive',
  'host' => 'local.blog.com',
  'content-length' => '',
  'content-type' => '',
)
[ info ] [ PARAM ] array (
)
[ info ] [ DB ] INIT mysql
[ info ] [ LOG ] INIT File
[ sql ] [ DB ] CONNECT:[ UseTime:0.001268s ] mysql:host=127.0.0.1;port=3306;dbname=blog;charset=utf8
[ error ] [10501]SQLSTATE[42S02]: Base table or view not found: 1146 Table 'blog.blog_web_config' doesn't exist[G:\phpStudy\WWW\think\thinkphp\library\think\db\Connection.php:388]
---------------------------------------------------------------
[ 2018-05-12T10:25:37+08:00 ] 127.0.0.1 127.0.0.1 GET /
[ info ] local.blog.com/ [运行时间：0.060953s][吞吐率：16.41req/s] [内存消耗：1,679.73kb] [文件加载：47]
[ info ] [ LANG ] G:\phpStudy\WWW\think\thinkphp\lang\zh-cn.php
[ info ] [ ROUTE ] array (
  'type' => 'module',
  'module' => 
  array (
    0 => '',
    1 => NULL,
    2 => NULL,
  ),
)
[ info ] [ HEADER ] array (
  'cookie' => 'thinkphp_show_page_trace=0|0',
  'accept-language' => 'zh-CN,zh;q=0.9',
  'accept-encoding' => 'gzip, deflate',
  'accept' => 'text/html,application/xhtml+xml,application/xml;q=0.9,image/webp,image/apng,*/*;q=0.8',
  'user-agent' => 'Mozilla/5.0 (Windows NT 10.0; WOW64) AppleWebKit/537.36 (KHTML, like Gecko) Chrome/67.0.3396.10 Safari/537.36',
  'upgrade-insecure-requests' => '1',
  'cache-control' => 'max-age=0',
  'connection' => 'keep-alive',
  'host' => 'local.blog.com',
  'content-length' => '',
  'content-type' => '',
)
[ info ] [ PARAM ] array (
)
[ info ] [ DB ] INIT mysql
[ info ] [ LOG ] INIT File
[ sql ] [ DB ] CONNECT:[ UseTime:0.000994s ] mysql:host=127.0.0.1;port=3306;dbname=blog;charset=utf8
[ error ] [10501]SQLSTATE[42S02]: Base table or view not found: 1146 Table 'blog.blog_web_config' doesn't exist[G:\phpStudy\WWW\think\thinkphp\library\think\db\Connection.php:388]
---------------------------------------------------------------
[ 2018-05-12T10:25:37+08:00 ] 127.0.0.1 127.0.0.1 GET /
[ info ] local.blog.com/ [运行时间：0.074020s][吞吐率：13.51req/s] [内存消耗：1,679.73kb] [文件加载：47]
[ info ] [ LANG ] G:\phpStudy\WWW\think\thinkphp\lang\zh-cn.php
[ info ] [ ROUTE ] array (
  'type' => 'module',
  'module' => 
  array (
    0 => '',
    1 => NULL,
    2 => NULL,
  ),
)
[ info ] [ HEADER ] array (
  'cookie' => 'thinkphp_show_page_trace=0|0',
  'accept-language' => 'zh-CN,zh;q=0.9',
  'accept-encoding' => 'gzip, deflate',
  'accept' => 'text/html,application/xhtml+xml,application/xml;q=0.9,image/webp,image/apng,*/*;q=0.8',
  'user-agent' => 'Mozilla/5.0 (Windows NT 10.0; WOW64) AppleWebKit/537.36 (KHTML, like Gecko) Chrome/67.0.3396.10 Safari/537.36',
  'upgrade-insecure-requests' => '1',
  'cache-control' => 'max-age=0',
  'connection' => 'keep-alive',
  'host' => 'local.blog.com',
  'content-length' => '',
  'content-type' => '',
)
[ info ] [ PARAM ] array (
)
[ info ] [ DB ] INIT mysql
[ info ] [ LOG ] INIT File
[ sql ] [ DB ] CONNECT:[ UseTime:0.010444s ] mysql:host=127.0.0.1;port=3306;dbname=blog;charset=utf8
[ error ] [10501]SQLSTATE[42S02]: Base table or view not found: 1146 Table 'blog.blog_web_config' doesn't exist[G:\phpStudy\WWW\think\thinkphp\library\think\db\Connection.php:388]
---------------------------------------------------------------
[ 2018-05-12T10:25:38+08:00 ] 127.0.0.1 127.0.0.1 GET /
[ info ] local.blog.com/ [运行时间：0.079194s][吞吐率：12.63req/s] [内存消耗：1,679.73kb] [文件加载：47]
[ info ] [ LANG ] G:\phpStudy\WWW\think\thinkphp\lang\zh-cn.php
[ info ] [ ROUTE ] array (
  'type' => 'module',
  'module' => 
  array (
    0 => '',
    1 => NULL,
    2 => NULL,
  ),
)
[ info ] [ HEADER ] array (
  'cookie' => 'thinkphp_show_page_trace=0|0',
  'accept-language' => 'zh-CN,zh;q=0.9',
  'accept-encoding' => 'gzip, deflate',
  'accept' => 'text/html,application/xhtml+xml,application/xml;q=0.9,image/webp,image/apng,*/*;q=0.8',
  'user-agent' => 'Mozilla/5.0 (Windows NT 10.0; WOW64) AppleWebKit/537.36 (KHTML, like Gecko) Chrome/67.0.3396.10 Safari/537.36',
  'upgrade-insecure-requests' => '1',
  'cache-control' => 'max-age=0',
  'connection' => 'keep-alive',
  'host' => 'local.blog.com',
  'content-length' => '',
  'content-type' => '',
)
[ info ] [ PARAM ] array (
)
[ info ] [ DB ] INIT mysql
[ info ] [ LOG ] INIT File
[ sql ] [ DB ] CONNECT:[ UseTime:0.011116s ] mysql:host=127.0.0.1;port=3306;dbname=blog;charset=utf8
[ error ] [10501]SQLSTATE[42S02]: Base table or view not found: 1146 Table 'blog.blog_web_config' doesn't exist[G:\phpStudy\WWW\think\thinkphp\library\think\db\Connection.php:388]
---------------------------------------------------------------
[ 2018-05-12T10:25:38+08:00 ] 127.0.0.1 127.0.0.1 GET /
[ info ] local.blog.com/ [运行时间：0.081414s][吞吐率：12.28req/s] [内存消耗：1,679.73kb] [文件加载：47]
[ info ] [ LANG ] G:\phpStudy\WWW\think\thinkphp\lang\zh-cn.php
[ info ] [ ROUTE ] array (
  'type' => 'module',
  'module' => 
  array (
    0 => '',
    1 => NULL,
    2 => NULL,
  ),
)
[ info ] [ HEADER ] array (
  'cookie' => 'thinkphp_show_page_trace=0|0',
  'accept-language' => 'zh-CN,zh;q=0.9',
  'accept-encoding' => 'gzip, deflate',
  'accept' => 'text/html,application/xhtml+xml,application/xml;q=0.9,image/webp,image/apng,*/*;q=0.8',
  'user-agent' => 'Mozilla/5.0 (Windows NT 10.0; WOW64) AppleWebKit/537.36 (KHTML, like Gecko) Chrome/67.0.3396.10 Safari/537.36',
  'upgrade-insecure-requests' => '1',
  'cache-control' => 'max-age=0',
  'connection' => 'keep-alive',
  'host' => 'local.blog.com',
  'content-length' => '',
  'content-type' => '',
)
[ info ] [ PARAM ] array (
)
[ info ] [ DB ] INIT mysql
[ info ] [ LOG ] INIT File
[ sql ] [ DB ] CONNECT:[ UseTime:0.010737s ] mysql:host=127.0.0.1;port=3306;dbname=blog;charset=utf8
[ error ] [10501]SQLSTATE[42S02]: Base table or view not found: 1146 Table 'blog.blog_web_config' doesn't exist[G:\phpStudy\WWW\think\thinkphp\library\think\db\Connection.php:388]
---------------------------------------------------------------
[ 2018-05-12T10:25:38+08:00 ] 127.0.0.1 127.0.0.1 GET /
[ info ] local.blog.com/ [运行时间：0.072739s][吞吐率：13.75req/s] [内存消耗：1,679.73kb] [文件加载：47]
[ info ] [ LANG ] G:\phpStudy\WWW\think\thinkphp\lang\zh-cn.php
[ info ] [ ROUTE ] array (
  'type' => 'module',
  'module' => 
  array (
    0 => '',
    1 => NULL,
    2 => NULL,
  ),
)
[ info ] [ HEADER ] array (
  'cookie' => 'thinkphp_show_page_trace=0|0',
  'accept-language' => 'zh-CN,zh;q=0.9',
  'accept-encoding' => 'gzip, deflate',
  'accept' => 'text/html,application/xhtml+xml,application/xml;q=0.9,image/webp,image/apng,*/*;q=0.8',
  'user-agent' => 'Mozilla/5.0 (Windows NT 10.0; WOW64) AppleWebKit/537.36 (KHTML, like Gecko) Chrome/67.0.3396.10 Safari/537.36',
  'upgrade-insecure-requests' => '1',
  'cache-control' => 'max-age=0',
  'connection' => 'keep-alive',
  'host' => 'local.blog.com',
  'content-length' => '',
  'content-type' => '',
)
[ info ] [ PARAM ] array (
)
[ info ] [ DB ] INIT mysql
[ info ] [ LOG ] INIT File
[ sql ] [ DB ] CONNECT:[ UseTime:0.010099s ] mysql:host=127.0.0.1;port=3306;dbname=blog;charset=utf8
[ error ] [10501]SQLSTATE[42S02]: Base table or view not found: 1146 Table 'blog.blog_web_config' doesn't exist[G:\phpStudy\WWW\think\thinkphp\library\think\db\Connection.php:388]
---------------------------------------------------------------
[ 2018-05-12T10:25:39+08:00 ] 127.0.0.1 127.0.0.1 GET /
[ info ] local.blog.com/ [运行时间：0.072003s][吞吐率：13.89req/s] [内存消耗：1,679.73kb] [文件加载：47]
[ info ] [ LANG ] G:\phpStudy\WWW\think\thinkphp\lang\zh-cn.php
[ info ] [ ROUTE ] array (
  'type' => 'module',
  'module' => 
  array (
    0 => '',
    1 => NULL,
    2 => NULL,
  ),
)
[ info ] [ HEADER ] array (
  'cookie' => 'thinkphp_show_page_trace=0|0',
  'accept-language' => 'zh-CN,zh;q=0.9',
  'accept-encoding' => 'gzip, deflate',
  'accept' => 'text/html,application/xhtml+xml,application/xml;q=0.9,image/webp,image/apng,*/*;q=0.8',
  'user-agent' => 'Mozilla/5.0 (Windows NT 10.0; WOW64) AppleWebKit/537.36 (KHTML, like Gecko) Chrome/67.0.3396.10 Safari/537.36',
  'upgrade-insecure-requests' => '1',
  'cache-control' => 'max-age=0',
  'connection' => 'keep-alive',
  'host' => 'local.blog.com',
  'content-length' => '',
  'content-type' => '',
)
[ info ] [ PARAM ] array (
)
[ info ] [ DB ] INIT mysql
[ info ] [ LOG ] INIT File
[ sql ] [ DB ] CONNECT:[ UseTime:0.011748s ] mysql:host=127.0.0.1;port=3306;dbname=blog;charset=utf8
[ error ] [10501]SQLSTATE[42S02]: Base table or view not found: 1146 Table 'blog.blog_web_config' doesn't exist[G:\phpStudy\WWW\think\thinkphp\library\think\db\Connection.php:388]
---------------------------------------------------------------
[ 2018-05-12T10:27:04+08:00 ] 127.0.0.1 127.0.0.1 GET /
[ info ] local.blog.com/ [运行时间：0.077761s][吞吐率：12.86req/s] [内存消耗：1,679.73kb] [文件加载：47]
[ info ] [ LANG ] G:\phpStudy\WWW\think\thinkphp\lang\zh-cn.php
[ info ] [ ROUTE ] array (
  'type' => 'module',
  'module' => 
  array (
    0 => '',
    1 => NULL,
    2 => NULL,
  ),
)
[ info ] [ HEADER ] array (
  'cookie' => 'thinkphp_show_page_trace=0|0',
  'accept-language' => 'zh-CN,zh;q=0.9',
  'accept-encoding' => 'gzip, deflate',
  'accept' => 'text/html,application/xhtml+xml,application/xml;q=0.9,image/webp,image/apng,*/*;q=0.8',
  'user-agent' => 'Mozilla/5.0 (Windows NT 10.0; WOW64) AppleWebKit/537.36 (KHTML, like Gecko) Chrome/67.0.3396.10 Safari/537.36',
  'upgrade-insecure-requests' => '1',
  'cache-control' => 'max-age=0',
  'connection' => 'keep-alive',
  'host' => 'local.blog.com',
  'content-length' => '',
  'content-type' => '',
)
[ info ] [ PARAM ] array (
)
[ info ] [ DB ] INIT mysql
[ info ] [ LOG ] INIT File
[ sql ] [ DB ] CONNECT:[ UseTime:0.011138s ] mysql:host=127.0.0.1;port=3306;dbname=blog;charset=utf8
[ error ] [10501]SQLSTATE[42S02]: Base table or view not found: 1146 Table 'blog.blog_web_config' doesn't exist[G:\phpStudy\WWW\think\thinkphp\library\think\db\Connection.php:388]
---------------------------------------------------------------
[ 2018-05-12T10:27:06+08:00 ] 127.0.0.1 127.0.0.1 GET /
[ info ] local.blog.com/ [运行时间：0.071497s][吞吐率：13.99req/s] [内存消耗：1,679.73kb] [文件加载：47]
[ info ] [ LANG ] G:\phpStudy\WWW\think\thinkphp\lang\zh-cn.php
[ info ] [ ROUTE ] array (
  'type' => 'module',
  'module' => 
  array (
    0 => '',
    1 => NULL,
    2 => NULL,
  ),
)
[ info ] [ HEADER ] array (
  'cookie' => 'thinkphp_show_page_trace=0|0',
  'accept-language' => 'zh-CN,zh;q=0.9',
  'accept-encoding' => 'gzip, deflate',
  'accept' => 'text/html,application/xhtml+xml,application/xml;q=0.9,image/webp,image/apng,*/*;q=0.8',
  'user-agent' => 'Mozilla/5.0 (Windows NT 10.0; WOW64) AppleWebKit/537.36 (KHTML, like Gecko) Chrome/67.0.3396.10 Safari/537.36',
  'upgrade-insecure-requests' => '1',
  'cache-control' => 'max-age=0',
  'connection' => 'keep-alive',
  'host' => 'local.blog.com',
  'content-length' => '',
  'content-type' => '',
)
[ info ] [ PARAM ] array (
)
[ info ] [ DB ] INIT mysql
[ info ] [ LOG ] INIT File
[ sql ] [ DB ] CONNECT:[ UseTime:0.010614s ] mysql:host=127.0.0.1;port=3306;dbname=blog;charset=utf8
[ error ] [10501]SQLSTATE[42S02]: Base table or view not found: 1146 Table 'blog.blog_web_config' doesn't exist[G:\phpStudy\WWW\think\thinkphp\library\think\db\Connection.php:388]
---------------------------------------------------------------
[ 2018-05-12T10:27:06+08:00 ] 127.0.0.1 127.0.0.1 GET /
[ info ] local.blog.com/ [运行时间：0.072204s][吞吐率：13.85req/s] [内存消耗：1,679.73kb] [文件加载：47]
[ info ] [ LANG ] G:\phpStudy\WWW\think\thinkphp\lang\zh-cn.php
[ info ] [ ROUTE ] array (
  'type' => 'module',
  'module' => 
  array (
    0 => '',
    1 => NULL,
    2 => NULL,
  ),
)
[ info ] [ HEADER ] array (
  'cookie' => 'thinkphp_show_page_trace=0|0',
  'accept-language' => 'zh-CN,zh;q=0.9',
  'accept-encoding' => 'gzip, deflate',
  'accept' => 'text/html,application/xhtml+xml,application/xml;q=0.9,image/webp,image/apng,*/*;q=0.8',
  'user-agent' => 'Mozilla/5.0 (Windows NT 10.0; WOW64) AppleWebKit/537.36 (KHTML, like Gecko) Chrome/67.0.3396.10 Safari/537.36',
  'upgrade-insecure-requests' => '1',
  'cache-control' => 'max-age=0',
  'connection' => 'keep-alive',
  'host' => 'local.blog.com',
  'content-length' => '',
  'content-type' => '',
)
[ info ] [ PARAM ] array (
)
[ info ] [ DB ] INIT mysql
[ info ] [ LOG ] INIT File
[ sql ] [ DB ] CONNECT:[ UseTime:0.010950s ] mysql:host=127.0.0.1;port=3306;dbname=blog;charset=utf8
[ error ] [10501]SQLSTATE[42S02]: Base table or view not found: 1146 Table 'blog.blog_web_config' doesn't exist[G:\phpStudy\WWW\think\thinkphp\library\think\db\Connection.php:388]
---------------------------------------------------------------
[ 2018-05-12T10:27:06+08:00 ] 127.0.0.1 127.0.0.1 GET /
[ info ] local.blog.com/ [运行时间：0.073035s][吞吐率：13.69req/s] [内存消耗：1,679.73kb] [文件加载：47]
[ info ] [ LANG ] G:\phpStudy\WWW\think\thinkphp\lang\zh-cn.php
[ info ] [ ROUTE ] array (
  'type' => 'module',
  'module' => 
  array (
    0 => '',
    1 => NULL,
    2 => NULL,
  ),
)
[ info ] [ HEADER ] array (
  'cookie' => 'thinkphp_show_page_trace=0|0',
  'accept-language' => 'zh-CN,zh;q=0.9',
  'accept-encoding' => 'gzip, deflate',
  'accept' => 'text/html,application/xhtml+xml,application/xml;q=0.9,image/webp,image/apng,*/*;q=0.8',
  'user-agent' => 'Mozilla/5.0 (Windows NT 10.0; WOW64) AppleWebKit/537.36 (KHTML, like Gecko) Chrome/67.0.3396.10 Safari/537.36',
  'upgrade-insecure-requests' => '1',
  'cache-control' => 'max-age=0',
  'connection' => 'keep-alive',
  'host' => 'local.blog.com',
  'content-length' => '',
  'content-type' => '',
)
[ info ] [ PARAM ] array (
)
[ info ] [ DB ] INIT mysql
[ info ] [ LOG ] INIT File
[ sql ] [ DB ] CONNECT:[ UseTime:0.011521s ] mysql:host=127.0.0.1;port=3306;dbname=blog;charset=utf8
[ error ] [10501]SQLSTATE[42S02]: Base table or view not found: 1146 Table 'blog.blog_web_config' doesn't exist[G:\phpStudy\WWW\think\thinkphp\library\think\db\Connection.php:388]
---------------------------------------------------------------
[ 2018-05-12T10:27:06+08:00 ] 127.0.0.1 127.0.0.1 GET /
[ info ] local.blog.com/ [运行时间：0.081293s][吞吐率：12.30req/s] [内存消耗：1,679.73kb] [文件加载：47]
[ info ] [ LANG ] G:\phpStudy\WWW\think\thinkphp\lang\zh-cn.php
[ info ] [ ROUTE ] array (
  'type' => 'module',
  'module' => 
  array (
    0 => '',
    1 => NULL,
    2 => NULL,
  ),
)
[ info ] [ HEADER ] array (
  'cookie' => 'thinkphp_show_page_trace=0|0',
  'accept-language' => 'zh-CN,zh;q=0.9',
  'accept-encoding' => 'gzip, deflate',
  'accept' => 'text/html,application/xhtml+xml,application/xml;q=0.9,image/webp,image/apng,*/*;q=0.8',
  'user-agent' => 'Mozilla/5.0 (Windows NT 10.0; WOW64) AppleWebKit/537.36 (KHTML, like Gecko) Chrome/67.0.3396.10 Safari/537.36',
  'upgrade-insecure-requests' => '1',
  'cache-control' => 'max-age=0',
  'connection' => 'keep-alive',
  'host' => 'local.blog.com',
  'content-length' => '',
  'content-type' => '',
)
[ info ] [ PARAM ] array (
)
[ info ] [ DB ] INIT mysql
[ info ] [ LOG ] INIT File
[ sql ] [ DB ] CONNECT:[ UseTime:0.010132s ] mysql:host=127.0.0.1;port=3306;dbname=blog;charset=utf8
[ error ] [10501]SQLSTATE[42S02]: Base table or view not found: 1146 Table 'blog.blog_web_config' doesn't exist[G:\phpStudy\WWW\think\thinkphp\library\think\db\Connection.php:388]
---------------------------------------------------------------
[ 2018-05-12T10:27:07+08:00 ] 127.0.0.1 127.0.0.1 GET /
[ info ] local.blog.com/ [运行时间：0.075426s][吞吐率：13.26req/s] [内存消耗：1,679.73kb] [文件加载：47]
[ info ] [ LANG ] G:\phpStudy\WWW\think\thinkphp\lang\zh-cn.php
[ info ] [ ROUTE ] array (
  'type' => 'module',
  'module' => 
  array (
    0 => '',
    1 => NULL,
    2 => NULL,
  ),
)
[ info ] [ HEADER ] array (
  'cookie' => 'thinkphp_show_page_trace=0|0',
  'accept-language' => 'zh-CN,zh;q=0.9',
  'accept-encoding' => 'gzip, deflate',
  'accept' => 'text/html,application/xhtml+xml,application/xml;q=0.9,image/webp,image/apng,*/*;q=0.8',
  'user-agent' => 'Mozilla/5.0 (Windows NT 10.0; WOW64) AppleWebKit/537.36 (KHTML, like Gecko) Chrome/67.0.3396.10 Safari/537.36',
  'upgrade-insecure-requests' => '1',
  'cache-control' => 'max-age=0',
  'connection' => 'keep-alive',
  'host' => 'local.blog.com',
  'content-length' => '',
  'content-type' => '',
)
[ info ] [ PARAM ] array (
)
[ info ] [ DB ] INIT mysql
[ info ] [ LOG ] INIT File
[ sql ] [ DB ] CONNECT:[ UseTime:0.010177s ] mysql:host=127.0.0.1;port=3306;dbname=blog;charset=utf8
[ error ] [10501]SQLSTATE[42S02]: Base table or view not found: 1146 Table 'blog.blog_web_config' doesn't exist[G:\phpStudy\WWW\think\thinkphp\library\think\db\Connection.php:388]
---------------------------------------------------------------
[ 2018-05-12T10:27:07+08:00 ] 127.0.0.1 127.0.0.1 GET /
[ info ] local.blog.com/ [运行时间：0.077185s][吞吐率：12.96req/s] [内存消耗：1,679.73kb] [文件加载：47]
[ info ] [ LANG ] G:\phpStudy\WWW\think\thinkphp\lang\zh-cn.php
[ info ] [ ROUTE ] array (
  'type' => 'module',
  'module' => 
  array (
    0 => '',
    1 => NULL,
    2 => NULL,
  ),
)
[ info ] [ HEADER ] array (
  'cookie' => 'thinkphp_show_page_trace=0|0',
  'accept-language' => 'zh-CN,zh;q=0.9',
  'accept-encoding' => 'gzip, deflate',
  'accept' => 'text/html,application/xhtml+xml,application/xml;q=0.9,image/webp,image/apng,*/*;q=0.8',
  'user-agent' => 'Mozilla/5.0 (Windows NT 10.0; WOW64) AppleWebKit/537.36 (KHTML, like Gecko) Chrome/67.0.3396.10 Safari/537.36',
  'upgrade-insecure-requests' => '1',
  'cache-control' => 'max-age=0',
  'connection' => 'keep-alive',
  'host' => 'local.blog.com',
  'content-length' => '',
  'content-type' => '',
)
[ info ] [ PARAM ] array (
)
[ info ] [ DB ] INIT mysql
[ info ] [ LOG ] INIT File
[ sql ] [ DB ] CONNECT:[ UseTime:0.010802s ] mysql:host=127.0.0.1;port=3306;dbname=blog;charset=utf8
[ error ] [10501]SQLSTATE[42S02]: Base table or view not found: 1146 Table 'blog.blog_web_config' doesn't exist[G:\phpStudy\WWW\think\thinkphp\library\think\db\Connection.php:388]
---------------------------------------------------------------
[ 2018-05-12T10:27:07+08:00 ] 127.0.0.1 127.0.0.1 GET /
[ info ] local.blog.com/ [运行时间：0.064082s][吞吐率：15.61req/s] [内存消耗：1,679.73kb] [文件加载：47]
[ info ] [ LANG ] G:\phpStudy\WWW\think\thinkphp\lang\zh-cn.php
[ info ] [ ROUTE ] array (
  'type' => 'module',
  'module' => 
  array (
    0 => '',
    1 => NULL,
    2 => NULL,
  ),
)
[ info ] [ HEADER ] array (
  'cookie' => 'thinkphp_show_page_trace=0|0',
  'accept-language' => 'zh-CN,zh;q=0.9',
  'accept-encoding' => 'gzip, deflate',
  'accept' => 'text/html,application/xhtml+xml,application/xml;q=0.9,image/webp,image/apng,*/*;q=0.8',
  'user-agent' => 'Mozilla/5.0 (Windows NT 10.0; WOW64) AppleWebKit/537.36 (KHTML, like Gecko) Chrome/67.0.3396.10 Safari/537.36',
  'upgrade-insecure-requests' => '1',
  'cache-control' => 'max-age=0',
  'connection' => 'keep-alive',
  'host' => 'local.blog.com',
  'content-length' => '',
  'content-type' => '',
)
[ info ] [ PARAM ] array (
)
[ info ] [ DB ] INIT mysql
[ info ] [ LOG ] INIT File
[ sql ] [ DB ] CONNECT:[ UseTime:0.000832s ] mysql:host=127.0.0.1;port=3306;dbname=blog;charset=utf8
[ error ] [10501]SQLSTATE[42S02]: Base table or view not found: 1146 Table 'blog.blog_web_config' doesn't exist[G:\phpStudy\WWW\think\thinkphp\library\think\db\Connection.php:388]
---------------------------------------------------------------
[ 2018-05-12T10:27:07+08:00 ] 127.0.0.1 127.0.0.1 GET /
[ info ] local.blog.com/ [运行时间：0.073201s][吞吐率：13.66req/s] [内存消耗：1,679.73kb] [文件加载：47]
[ info ] [ LANG ] G:\phpStudy\WWW\think\thinkphp\lang\zh-cn.php
[ info ] [ ROUTE ] array (
  'type' => 'module',
  'module' => 
  array (
    0 => '',
    1 => NULL,
    2 => NULL,
  ),
)
[ info ] [ HEADER ] array (
  'cookie' => 'thinkphp_show_page_trace=0|0',
  'accept-language' => 'zh-CN,zh;q=0.9',
  'accept-encoding' => 'gzip, deflate',
  'accept' => 'text/html,application/xhtml+xml,application/xml;q=0.9,image/webp,image/apng,*/*;q=0.8',
  'user-agent' => 'Mozilla/5.0 (Windows NT 10.0; WOW64) AppleWebKit/537.36 (KHTML, like Gecko) Chrome/67.0.3396.10 Safari/537.36',
  'upgrade-insecure-requests' => '1',
  'cache-control' => 'max-age=0',
  'connection' => 'keep-alive',
  'host' => 'local.blog.com',
  'content-length' => '',
  'content-type' => '',
)
[ info ] [ PARAM ] array (
)
[ info ] [ DB ] INIT mysql
[ info ] [ LOG ] INIT File
[ sql ] [ DB ] CONNECT:[ UseTime:0.010601s ] mysql:host=127.0.0.1;port=3306;dbname=blog;charset=utf8
[ error ] [10501]SQLSTATE[42S02]: Base table or view not found: 1146 Table 'blog.blog_web_config' doesn't exist[G:\phpStudy\WWW\think\thinkphp\library\think\db\Connection.php:388]
---------------------------------------------------------------
[ 2018-05-12T10:27:07+08:00 ] 127.0.0.1 127.0.0.1 GET /
[ info ] local.blog.com/ [运行时间：0.056664s][吞吐率：17.65req/s] [内存消耗：1,679.73kb] [文件加载：47]
[ info ] [ LANG ] G:\phpStudy\WWW\think\thinkphp\lang\zh-cn.php
[ info ] [ ROUTE ] array (
  'type' => 'module',
  'module' => 
  array (
    0 => '',
    1 => NULL,
    2 => NULL,
  ),
)
[ info ] [ HEADER ] array (
  'cookie' => 'thinkphp_show_page_trace=0|0',
  'accept-language' => 'zh-CN,zh;q=0.9',
  'accept-encoding' => 'gzip, deflate',
  'accept' => 'text/html,application/xhtml+xml,application/xml;q=0.9,image/webp,image/apng,*/*;q=0.8',
  'user-agent' => 'Mozilla/5.0 (Windows NT 10.0; WOW64) AppleWebKit/537.36 (KHTML, like Gecko) Chrome/67.0.3396.10 Safari/537.36',
  'upgrade-insecure-requests' => '1',
  'cache-control' => 'max-age=0',
  'connection' => 'keep-alive',
  'host' => 'local.blog.com',
  'content-length' => '',
  'content-type' => '',
)
[ info ] [ PARAM ] array (
)
[ info ] [ DB ] INIT mysql
[ info ] [ LOG ] INIT File
[ sql ] [ DB ] CONNECT:[ UseTime:0.000931s ] mysql:host=127.0.0.1;port=3306;dbname=blog;charset=utf8
[ error ] [10501]SQLSTATE[42S02]: Base table or view not found: 1146 Table 'blog.blog_web_config' doesn't exist[G:\phpStudy\WWW\think\thinkphp\library\think\db\Connection.php:388]
---------------------------------------------------------------
[ 2018-05-12T10:27:07+08:00 ] 127.0.0.1 127.0.0.1 GET /
[ info ] local.blog.com/ [运行时间：0.071293s][吞吐率：14.03req/s] [内存消耗：1,679.73kb] [文件加载：47]
[ info ] [ LANG ] G:\phpStudy\WWW\think\thinkphp\lang\zh-cn.php
[ info ] [ ROUTE ] array (
  'type' => 'module',
  'module' => 
  array (
    0 => '',
    1 => NULL,
    2 => NULL,
  ),
)
[ info ] [ HEADER ] array (
  'cookie' => 'thinkphp_show_page_trace=0|0',
  'accept-language' => 'zh-CN,zh;q=0.9',
  'accept-encoding' => 'gzip, deflate',
  'accept' => 'text/html,application/xhtml+xml,application/xml;q=0.9,image/webp,image/apng,*/*;q=0.8',
  'user-agent' => 'Mozilla/5.0 (Windows NT 10.0; WOW64) AppleWebKit/537.36 (KHTML, like Gecko) Chrome/67.0.3396.10 Safari/537.36',
  'upgrade-insecure-requests' => '1',
  'cache-control' => 'max-age=0',
  'connection' => 'keep-alive',
  'host' => 'local.blog.com',
  'content-length' => '',
  'content-type' => '',
)
[ info ] [ PARAM ] array (
)
[ info ] [ DB ] INIT mysql
[ info ] [ LOG ] INIT File
[ sql ] [ DB ] CONNECT:[ UseTime:0.010326s ] mysql:host=127.0.0.1;port=3306;dbname=blog;charset=utf8
[ error ] [10501]SQLSTATE[42S02]: Base table or view not found: 1146 Table 'blog.blog_web_config' doesn't exist[G:\phpStudy\WWW\think\thinkphp\library\think\db\Connection.php:388]
---------------------------------------------------------------
[ 2018-05-12T10:27:08+08:00 ] 127.0.0.1 127.0.0.1 GET /
[ info ] local.blog.com/ [运行时间：0.087227s][吞吐率：11.46req/s] [内存消耗：1,679.73kb] [文件加载：47]
[ info ] [ LANG ] G:\phpStudy\WWW\think\thinkphp\lang\zh-cn.php
[ info ] [ ROUTE ] array (
  'type' => 'module',
  'module' => 
  array (
    0 => '',
    1 => NULL,
    2 => NULL,
  ),
)
[ info ] [ HEADER ] array (
  'cookie' => 'thinkphp_show_page_trace=0|0',
  'accept-language' => 'zh-CN,zh;q=0.9',
  'accept-encoding' => 'gzip, deflate',
  'accept' => 'text/html,application/xhtml+xml,application/xml;q=0.9,image/webp,image/apng,*/*;q=0.8',
  'user-agent' => 'Mozilla/5.0 (Windows NT 10.0; WOW64) AppleWebKit/537.36 (KHTML, like Gecko) Chrome/67.0.3396.10 Safari/537.36',
  'upgrade-insecure-requests' => '1',
  'cache-control' => 'max-age=0',
  'connection' => 'keep-alive',
  'host' => 'local.blog.com',
  'content-length' => '',
  'content-type' => '',
)
[ info ] [ PARAM ] array (
)
[ info ] [ DB ] INIT mysql
[ info ] [ LOG ] INIT File
[ sql ] [ DB ] CONNECT:[ UseTime:0.011707s ] mysql:host=127.0.0.1;port=3306;dbname=blog;charset=utf8
[ error ] [10501]SQLSTATE[42S02]: Base table or view not found: 1146 Table 'blog.blog_web_config' doesn't exist[G:\phpStudy\WWW\think\thinkphp\library\think\db\Connection.php:388]
---------------------------------------------------------------
[ 2018-05-12T10:27:41+08:00 ] 127.0.0.1 127.0.0.1 GET /index.php/index/index
[ info ] local.blog.com/index.php/index/index [运行时间：0.074884s][吞吐率：13.35req/s] [内存消耗：1,679.68kb] [文件加载：47]
[ info ] [ LANG ] G:\phpStudy\WWW\think\thinkphp\lang\zh-cn.php
[ info ] [ ROUTE ] array (
  'type' => 'module',
  'module' => 
  array (
    0 => 'index',
    1 => 'index',
    2 => NULL,
  ),
)
[ info ] [ HEADER ] array (
  'cookie' => 'thinkphp_show_page_trace=0|0',
  'accept-language' => 'zh-CN,zh;q=0.9',
  'accept-encoding' => 'gzip, deflate',
  'accept' => 'text/html,application/xhtml+xml,application/xml;q=0.9,image/webp,image/apng,*/*;q=0.8',
  'user-agent' => 'Mozilla/5.0 (Windows NT 10.0; WOW64) AppleWebKit/537.36 (KHTML, like Gecko) Chrome/67.0.3396.10 Safari/537.36',
  'upgrade-insecure-requests' => '1',
  'connection' => 'keep-alive',
  'host' => 'local.blog.com',
  'content-length' => '',
  'content-type' => '',
)
[ info ] [ PARAM ] array (
)
[ info ] [ DB ] INIT mysql
[ info ] [ LOG ] INIT File
[ sql ] [ DB ] CONNECT:[ UseTime:0.010641s ] mysql:host=127.0.0.1;port=3306;dbname=blog;charset=utf8
[ error ] [10501]SQLSTATE[42S02]: Base table or view not found: 1146 Table 'blog.blog_web_config' doesn't exist[G:\phpStudy\WWW\think\thinkphp\library\think\db\Connection.php:388]
---------------------------------------------------------------
[ 2018-05-12T10:27:48+08:00 ] 127.0.0.1 127.0.0.1 GET /index.php/index/index.html
[ info ] local.blog.com/index.php/index/index.html [运行时间：0.073651s][吞吐率：13.58req/s] [内存消耗：1,679.82kb] [文件加载：47]
[ info ] [ LANG ] G:\phpStudy\WWW\think\thinkphp\lang\zh-cn.php
[ info ] [ ROUTE ] array (
  'type' => 'module',
  'module' => 
  array (
    0 => 'index',
    1 => 'index',
    2 => NULL,
  ),
)
[ info ] [ HEADER ] array (
  'cookie' => 'thinkphp_show_page_trace=0|0; thinkphp_show_page_trace=0|0',
  'accept-language' => 'zh-CN,zh;q=0.9',
  'accept-encoding' => 'gzip, deflate',
  'accept' => 'text/html,application/xhtml+xml,application/xml;q=0.9,image/webp,image/apng,*/*;q=0.8',
  'user-agent' => 'Mozilla/5.0 (Windows NT 10.0; WOW64) AppleWebKit/537.36 (KHTML, like Gecko) Chrome/67.0.3396.10 Safari/537.36',
  'upgrade-insecure-requests' => '1',
  'connection' => 'keep-alive',
  'host' => 'local.blog.com',
  'content-length' => '',
  'content-type' => '',
)
[ info ] [ PARAM ] array (
)
[ info ] [ DB ] INIT mysql
[ info ] [ LOG ] INIT File
[ sql ] [ DB ] CONNECT:[ UseTime:0.011169s ] mysql:host=127.0.0.1;port=3306;dbname=blog;charset=utf8
[ error ] [10501]SQLSTATE[42S02]: Base table or view not found: 1146 Table 'blog.blog_web_config' doesn't exist[G:\phpStudy\WWW\think\thinkphp\library\think\db\Connection.php:388]
---------------------------------------------------------------
[ 2018-05-12T10:28:17+08:00 ] 127.0.0.1 127.0.0.1 GET /index.php/index/index/index.html
[ info ] local.blog.com/index.php/index/index/index.html [运行时间：0.076324s][吞吐率：13.10req/s] [内存消耗：1,679.88kb] [文件加载：47]
[ info ] [ LANG ] G:\phpStudy\WWW\think\thinkphp\lang\zh-cn.php
[ info ] [ ROUTE ] array (
  'type' => 'module',
  'module' => 
  array (
    0 => 'index',
    1 => 'index',
    2 => 'index',
  ),
)
[ info ] [ HEADER ] array (
  'cookie' => 'thinkphp_show_page_trace=0|0; thinkphp_show_page_trace=0|0',
  'accept-language' => 'zh-CN,zh;q=0.9',
  'accept-encoding' => 'gzip, deflate',
  'accept' => 'text/html,application/xhtml+xml,application/xml;q=0.9,image/webp,image/apng,*/*;q=0.8',
  'user-agent' => 'Mozilla/5.0 (Windows NT 10.0; WOW64) AppleWebKit/537.36 (KHTML, like Gecko) Chrome/67.0.3396.10 Safari/537.36',
  'upgrade-insecure-requests' => '1',
  'connection' => 'keep-alive',
  'host' => 'local.blog.com',
  'content-length' => '',
  'content-type' => '',
)
[ info ] [ PARAM ] array (
)
[ info ] [ DB ] INIT mysql
[ info ] [ LOG ] INIT File
[ sql ] [ DB ] CONNECT:[ UseTime:0.011663s ] mysql:host=127.0.0.1;port=3306;dbname=blog;charset=utf8
[ error ] [10501]SQLSTATE[42S02]: Base table or view not found: 1146 Table 'blog.blog_web_config' doesn't exist[G:\phpStudy\WWW\think\thinkphp\library\think\db\Connection.php:388]
---------------------------------------------------------------
[ 2018-05-12T10:32:41+08:00 ] 127.0.0.1 127.0.0.1 GET /index.php/index/index/index.html
[ info ] local.blog.com/index.php/index/index/index.html [运行时间：0.077849s][吞吐率：12.85req/s] [内存消耗：1,783.88kb] [文件加载：46]
[ info ] [ LANG ] G:\phpStudy\WWW\think\thinkphp\lang\zh-cn.php
[ info ] [ ROUTE ] array (
  'type' => 'module',
  'module' => 
  array (
    0 => 'index',
    1 => 'index',
    2 => 'index',
  ),
)
[ info ] [ HEADER ] array (
  'cookie' => 'thinkphp_show_page_trace=0|0; thinkphp_show_page_trace=0|0; thinkphp_show_page_trace=0|0',
  'accept-language' => 'zh-CN,zh;q=0.9',
  'accept-encoding' => 'gzip, deflate',
  'accept' => 'text/html,application/xhtml+xml,application/xml;q=0.9,image/webp,image/apng,*/*;q=0.8',
  'user-agent' => 'Mozilla/5.0 (Windows NT 10.0; WOW64) AppleWebKit/537.36 (KHTML, like Gecko) Chrome/67.0.3396.10 Safari/537.36',
  'upgrade-insecure-requests' => '1',
  'cache-control' => 'max-age=0',
  'connection' => 'keep-alive',
  'host' => 'local.blog.com',
  'content-length' => '',
  'content-type' => '',
)
[ info ] [ PARAM ] array (
)
[ info ] [ DB ] INIT mysql
[ info ] [ RUN ] app\index\controller\Index->index[ G:\phpStudy\WWW\think\application\index\controller\Index.php ]
[ info ] [ VIEW ] G:\phpStudy\WWW\think\public/../application/index\view\index\index.html [ array (
  0 => 'title',
  1 => 'keywords',
  2 => 'description',
) ]
[ info ] [ LOG ] INIT File
[ sql ] [ DB ] CONNECT:[ UseTime:0.010987s ] mysql:host=127.0.0.1;port=3306;dbname=blog;charset=utf8
[ sql ] [ SQL ] SHOW COLUMNS FROM `blog_web_config` [ RunTime:0.017205s ]
[ sql ] [ SQL ] SELECT * FROM `blog_web_config` WHERE  `id` = 1 LIMIT 1 [ RunTime:0.000471s ]
