---------------------------------------------------------------
[ 2018-05-14T01:02:39+08:00 ] 127.0.0.1 127.0.0.1 GET /admin/login
[ info ] gkkblog.com/admin/login [运行时间：0.041142s][吞吐率：24.31req/s] [内存消耗：3,177.72kb] [文件加载：49]
[ info ] [ LANG ] D:\wamp64\www\think\thinkphp\lang\zh-cn.php
[ info ] [ ROUTE ] array (
  'type' => 'module',
  'module' => 
  array (
    0 => 'pyadminurl',
    1 => 'login',
    2 => 'index',
  ),
  'convert' => false,
)
[ info ] [ HEADER ] array (
  'host' => 'gkkblog.com',
  'connection' => 'keep-alive',
  'upgrade-insecure-requests' => '1',
  'user-agent' => 'Mozilla/5.0 (Windows NT 10.0; Win64; x64) AppleWebKit/537.36 (KHTML, like Gecko) Chrome/66.0.3359.139 Safari/537.36',
  'accept' => 'text/html,application/xhtml+xml,application/xml;q=0.9,image/webp,image/apng,*/*;q=0.8',
  'accept-encoding' => 'gzip, deflate',
  'accept-language' => 'zh-CN,zh;q=0.9',
  'cookie' => 'bdshare_firstime=1526123551445; PHPSESSID=f9dlkp7vkeh721cnism929l3a0',
)
[ info ] [ PARAM ] array (
)
[ info ] [ RUN ] app\pyadminurl\controller\Login->index[ D:\wamp64\www\think\application\pyadminurl\controller\Login.php ]
[ info ] [ SESSION ] INIT array (
  'id' => '',
  'var_session_id' => '',
  'prefix' => 'think',
  'type' => '',
  'auto_start' => true,
  'expire' => 518400,
)
[ info ] [ LOG ] INIT File
---------------------------------------------------------------
[ 2018-05-14T01:02:39+08:00 ] 127.0.0.1 127.0.0.1 GET /admin/index/
[ info ] gkkblog.com/admin/index/ [运行时间：0.073561s][吞吐率：13.59req/s] [内存消耗：5,500.09kb] [文件加载：65]
[ info ] [ LANG ] D:\wamp64\www\think\thinkphp\lang\zh-cn.php
[ info ] [ ROUTE ] array (
  'type' => 'module',
  'module' => 
  array (
    0 => 'pyadminurl',
    1 => 'index',
    2 => 'index',
  ),
  'convert' => false,
)
[ info ] [ HEADER ] array (
  'host' => 'gkkblog.com',
  'connection' => 'keep-alive',
  'upgrade-insecure-requests' => '1',
  'user-agent' => 'Mozilla/5.0 (Windows NT 10.0; Win64; x64) AppleWebKit/537.36 (KHTML, like Gecko) Chrome/66.0.3359.139 Safari/537.36',
  'accept' => 'text/html,application/xhtml+xml,application/xml;q=0.9,image/webp,image/apng,*/*;q=0.8',
  'accept-encoding' => 'gzip, deflate',
  'accept-language' => 'zh-CN,zh;q=0.9',
  'cookie' => 'bdshare_firstime=1526123551445; PHPSESSID=f9dlkp7vkeh721cnism929l3a0',
)
[ info ] [ PARAM ] array (
)
[ info ] [ SESSION ] INIT array (
  'id' => '',
  'var_session_id' => '',
  'prefix' => 'think',
  'type' => '',
  'auto_start' => true,
  'expire' => 518400,
)
[ info ] [ RUN ] app\pyadminurl\controller\Index->index[ D:\wamp64\www\think\application\pyadminurl\controller\Index.php ]
[ info ] [ DB ] INIT mysql
[ info ] [ VIEW ] D:\wamp64\www\think\public/../application/pyadminurl\view\index\index.html [ array (
  0 => 'nav_data',
) ]
[ info ] [ LOG ] INIT File
[ sql ] [ DB ] CONNECT:[ UseTime:0.001781s ] mysql:host=127.0.0.1;port=3306;dbname=blog;charset=utf8
[ sql ] [ SQL ] SHOW COLUMNS FROM `blog_navs` [ RunTime:0.001868s ]
[ sql ] [ SQL ] SELECT * FROM `blog_navs` [ RunTime:0.000489s ]
[ error ] [8]未定义数组索引: ico[D:\wamp64\www\think\runtime\temp\53db235a9d92eda9be68f533fec7e6c4.php:146]
[ error ] [8]未定义数组索引: name[D:\wamp64\www\think\runtime\temp\53db235a9d92eda9be68f533fec7e6c4.php:146]
[ error ] [8]未定义数组索引: _data[D:\wamp64\www\think\runtime\temp\53db235a9d92eda9be68f533fec7e6c4.php:147]
[ error ] [8]未定义数组索引: _data[D:\wamp64\www\think\runtime\temp\53db235a9d92eda9be68f533fec7e6c4.php:147]
[ error ] [8]未定义数组索引: _data[D:\wamp64\www\think\runtime\temp\53db235a9d92eda9be68f533fec7e6c4.php:147]
[ error ] [8]未定义数组索引: ico[D:\wamp64\www\think\runtime\temp\53db235a9d92eda9be68f533fec7e6c4.php:146]
[ error ] [8]未定义数组索引: name[D:\wamp64\www\think\runtime\temp\53db235a9d92eda9be68f533fec7e6c4.php:146]
[ error ] [8]未定义数组索引: _data[D:\wamp64\www\think\runtime\temp\53db235a9d92eda9be68f533fec7e6c4.php:147]
[ error ] [8]未定义数组索引: _data[D:\wamp64\www\think\runtime\temp\53db235a9d92eda9be68f533fec7e6c4.php:147]
[ error ] [8]未定义数组索引: _data[D:\wamp64\www\think\runtime\temp\53db235a9d92eda9be68f533fec7e6c4.php:147]
[ error ] [8]未定义数组索引: ico[D:\wamp64\www\think\runtime\temp\53db235a9d92eda9be68f533fec7e6c4.php:146]
[ error ] [8]未定义数组索引: name[D:\wamp64\www\think\runtime\temp\53db235a9d92eda9be68f533fec7e6c4.php:146]
[ error ] [8]未定义数组索引: _data[D:\wamp64\www\think\runtime\temp\53db235a9d92eda9be68f533fec7e6c4.php:147]
[ error ] [8]未定义数组索引: _data[D:\wamp64\www\think\runtime\temp\53db235a9d92eda9be68f533fec7e6c4.php:147]
[ error ] [8]未定义数组索引: _data[D:\wamp64\www\think\runtime\temp\53db235a9d92eda9be68f533fec7e6c4.php:147]
[ error ] [8]未定义数组索引: ico[D:\wamp64\www\think\runtime\temp\53db235a9d92eda9be68f533fec7e6c4.php:146]
[ error ] [8]未定义数组索引: name[D:\wamp64\www\think\runtime\temp\53db235a9d92eda9be68f533fec7e6c4.php:146]
[ error ] [8]未定义数组索引: _data[D:\wamp64\www\think\runtime\temp\53db235a9d92eda9be68f533fec7e6c4.php:147]
[ error ] [8]未定义数组索引: _data[D:\wamp64\www\think\runtime\temp\53db235a9d92eda9be68f533fec7e6c4.php:147]
[ error ] [8]未定义数组索引: _data[D:\wamp64\www\think\runtime\temp\53db235a9d92eda9be68f533fec7e6c4.php:147]
[ error ] [8]未定义数组索引: ico[D:\wamp64\www\think\runtime\temp\53db235a9d92eda9be68f533fec7e6c4.php:146]
[ error ] [8]未定义数组索引: name[D:\wamp64\www\think\runtime\temp\53db235a9d92eda9be68f533fec7e6c4.php:146]
[ error ] [8]未定义数组索引: _data[D:\wamp64\www\think\runtime\temp\53db235a9d92eda9be68f533fec7e6c4.php:147]
[ error ] [8]未定义数组索引: _data[D:\wamp64\www\think\runtime\temp\53db235a9d92eda9be68f533fec7e6c4.php:147]
[ error ] [8]未定义数组索引: _data[D:\wamp64\www\think\runtime\temp\53db235a9d92eda9be68f533fec7e6c4.php:147]
[ error ] [8]未定义数组索引: ico[D:\wamp64\www\think\runtime\temp\53db235a9d92eda9be68f533fec7e6c4.php:146]
[ error ] [8]未定义数组索引: name[D:\wamp64\www\think\runtime\temp\53db235a9d92eda9be68f533fec7e6c4.php:146]
[ error ] [8]未定义数组索引: _data[D:\wamp64\www\think\runtime\temp\53db235a9d92eda9be68f533fec7e6c4.php:147]
[ error ] [8]未定义数组索引: _data[D:\wamp64\www\think\runtime\temp\53db235a9d92eda9be68f533fec7e6c4.php:147]
[ error ] [8]未定义数组索引: _data[D:\wamp64\www\think\runtime\temp\53db235a9d92eda9be68f533fec7e6c4.php:147]
[ error ] [8]未定义数组索引: ico[D:\wamp64\www\think\runtime\temp\53db235a9d92eda9be68f533fec7e6c4.php:146]
[ error ] [8]未定义数组索引: name[D:\wamp64\www\think\runtime\temp\53db235a9d92eda9be68f533fec7e6c4.php:146]
[ error ] [8]未定义数组索引: _data[D:\wamp64\www\think\runtime\temp\53db235a9d92eda9be68f533fec7e6c4.php:147]
[ error ] [8]未定义数组索引: _data[D:\wamp64\www\think\runtime\temp\53db235a9d92eda9be68f533fec7e6c4.php:147]
[ error ] [8]未定义数组索引: _data[D:\wamp64\www\think\runtime\temp\53db235a9d92eda9be68f533fec7e6c4.php:147]
---------------------------------------------------------------
[ 2018-05-14T01:02:40+08:00 ] 127.0.0.1 127.0.0.1 GET /admin/index/member/.html
[ info ] gkkblog.com/admin/index/member/.html [运行时间：0.070939s][吞吐率：14.10req/s] [内存消耗：5,223.45kb] [文件加载：58]
[ info ] [ LANG ] D:\wamp64\www\think\thinkphp\lang\zh-cn.php
[ info ] [ ROUTE ] array (
  'type' => 'module',
  'module' => 
  array (
    0 => 'pyadminurl',
    1 => 'index',
    2 => 'member',
  ),
  'convert' => false,
)
[ info ] [ HEADER ] array (
  'host' => 'gkkblog.com',
  'connection' => 'keep-alive',
  'accept' => 'application/json, text/javascript, */*; q=0.01',
  'x-requested-with' => 'XMLHttpRequest',
  'user-agent' => 'Mozilla/5.0 (Windows NT 10.0; Win64; x64) AppleWebKit/537.36 (KHTML, like Gecko) Chrome/66.0.3359.139 Safari/537.36',
  'referer' => 'http://gkkblog.com/admin/index/',
  'accept-encoding' => 'gzip, deflate',
  'accept-language' => 'zh-CN,zh;q=0.9',
  'cookie' => 'thinkphp_show_page_trace=0|0; bdshare_firstime=1526123551445; PHPSESSID=f9dlkp7vkeh721cnism929l3a0',
)
[ info ] [ PARAM ] array (
)
[ info ] [ SESSION ] INIT array (
  'id' => '',
  'var_session_id' => '',
  'prefix' => 'think',
  'type' => '',
  'auto_start' => true,
  'expire' => 518400,
)
[ info ] [ RUN ] app\pyadminurl\controller\Index->member[ D:\wamp64\www\think\application\pyadminurl\controller\Index.php ]
[ info ] [ DB ] INIT mysql
[ info ] [ LOG ] INIT File
[ sql ] [ DB ] CONNECT:[ UseTime:0.001427s ] mysql:host=127.0.0.1;port=3306;dbname=blog;charset=utf8
[ sql ] [ SQL ] SHOW COLUMNS FROM `blog_user` [ RunTime:0.001021s ]
[ sql ] [ SQL ] SELECT * FROM `blog_user` [ RunTime:0.000442s ]
[ sql ] [ SQL ] SELECT * FROM `blog_user` [ RunTime:0.000396s ]
[ sql ] [ SQL ] SELECT * FROM `blog_user` [ RunTime:0.000324s ]
[ sql ] [ SQL ] SELECT * FROM `blog_user` [ RunTime:0.000381s ]
[ sql ] [ SQL ] SELECT * FROM `blog_user` [ RunTime:0.000338s ]
[ sql ] [ SQL ] SELECT * FROM `blog_user` [ RunTime:0.000325s ]
[ sql ] [ SQL ] SELECT * FROM `blog_user` [ RunTime:0.000348s ]
[ sql ] [ SQL ] SELECT * FROM `blog_user` [ RunTime:0.000367s ]
[ sql ] [ SQL ] SELECT * FROM `blog_user` [ RunTime:0.000380s ]
[ sql ] [ SQL ] SELECT * FROM `blog_user` [ RunTime:0.000357s ]
[ sql ] [ SQL ] SELECT * FROM `blog_user` [ RunTime:0.000499s ]
[ sql ] [ SQL ] SELECT * FROM `blog_user` [ RunTime:0.000378s ]
---------------------------------------------------------------
[ 2018-05-14T01:02:47+08:00 ] 127.0.0.1 127.0.0.1 GET /admin/nav/.html?_=1526230967694
[ info ] gkkblog.com/admin/nav/.html?_=1526230967694 [运行时间：0.090425s][吞吐率：11.06req/s] [内存消耗：5,372.08kb] [文件加载：63]
[ info ] [ LANG ] D:\wamp64\www\think\thinkphp\lang\zh-cn.php
[ info ] [ ROUTE ] array (
  'type' => 'module',
  'module' => 
  array (
    0 => 'pyadminurl',
    1 => 'nav',
    2 => 'index',
  ),
  'convert' => false,
)
[ info ] [ HEADER ] array (
  'host' => 'gkkblog.com',
  'connection' => 'keep-alive',
  'accept' => 'text/html, */*; q=0.01',
  'x-requested-with' => 'XMLHttpRequest',
  'user-agent' => 'Mozilla/5.0 (Windows NT 10.0; Win64; x64) AppleWebKit/537.36 (KHTML, like Gecko) Chrome/66.0.3359.139 Safari/537.36',
  'referer' => 'http://gkkblog.com/admin/index/',
  'accept-encoding' => 'gzip, deflate',
  'accept-language' => 'zh-CN,zh;q=0.9',
  'cookie' => 'bdshare_firstime=1526123551445; PHPSESSID=f9dlkp7vkeh721cnism929l3a0',
)
[ info ] [ PARAM ] array (
  '_' => '1526230967694',
)
[ info ] [ SESSION ] INIT array (
  'id' => '',
  'var_session_id' => '',
  'prefix' => 'think',
  'type' => '',
  'auto_start' => true,
  'expire' => 518400,
)
[ info ] [ DB ] INIT mysql
[ info ] [ RUN ] app\pyadminurl\controller\Nav->index[ D:\wamp64\www\think\application\pyadminurl\controller\Nav.php ]
[ info ] [ VIEW ] D:\wamp64\www\think\public/../application/pyadminurl\view\nav\index.html [ array (
  0 => 'data',
) ]
[ info ] [ LOG ] INIT File
[ sql ] [ DB ] CONNECT:[ UseTime:0.001830s ] mysql:host=127.0.0.1;port=3306;dbname=blog;charset=utf8
[ sql ] [ SQL ] SHOW COLUMNS FROM `blog_navs` [ RunTime:0.001193s ]
[ sql ] [ SQL ] SELECT * FROM `blog_navs` [ RunTime:0.000440s ]
[ error ] [8]未定义数组索引: id[D:\wamp64\www\think\runtime\temp\a7f4cafc8dffea1ab1360a6fa45b23a8.php:38]
[ error ] [8]未定义数组索引: id[D:\wamp64\www\think\runtime\temp\a7f4cafc8dffea1ab1360a6fa45b23a8.php:40]
[ error ] [8]未定义数组索引: sort[D:\wamp64\www\think\runtime\temp\a7f4cafc8dffea1ab1360a6fa45b23a8.php:40]
[ error ] [8]未定义数组索引: _name[D:\wamp64\www\think\runtime\temp\a7f4cafc8dffea1ab1360a6fa45b23a8.php:42]
[ error ] [8]未定义数组索引: mca[D:\wamp64\www\think\runtime\temp\a7f4cafc8dffea1ab1360a6fa45b23a8.php:43]
[ error ] [8]未定义数组索引: ico[D:\wamp64\www\think\runtime\temp\a7f4cafc8dffea1ab1360a6fa45b23a8.php:44]
[ error ] [8]未定义数组索引: id[D:\wamp64\www\think\runtime\temp\a7f4cafc8dffea1ab1360a6fa45b23a8.php:46]
[ error ] [8]未定义数组索引: id[D:\wamp64\www\think\runtime\temp\a7f4cafc8dffea1ab1360a6fa45b23a8.php:54]
[ error ] [8]未定义数组索引: id[D:\wamp64\www\think\runtime\temp\a7f4cafc8dffea1ab1360a6fa45b23a8.php:63]
[ error ] [8]未定义数组索引: id[D:\wamp64\www\think\runtime\temp\a7f4cafc8dffea1ab1360a6fa45b23a8.php:38]
[ error ] [8]未定义数组索引: id[D:\wamp64\www\think\runtime\temp\a7f4cafc8dffea1ab1360a6fa45b23a8.php:40]
[ error ] [8]未定义数组索引: sort[D:\wamp64\www\think\runtime\temp\a7f4cafc8dffea1ab1360a6fa45b23a8.php:40]
[ error ] [8]未定义数组索引: _name[D:\wamp64\www\think\runtime\temp\a7f4cafc8dffea1ab1360a6fa45b23a8.php:42]
[ error ] [8]未定义数组索引: mca[D:\wamp64\www\think\runtime\temp\a7f4cafc8dffea1ab1360a6fa45b23a8.php:43]
[ error ] [8]未定义数组索引: ico[D:\wamp64\www\think\runtime\temp\a7f4cafc8dffea1ab1360a6fa45b23a8.php:44]
[ error ] [8]未定义数组索引: id[D:\wamp64\www\think\runtime\temp\a7f4cafc8dffea1ab1360a6fa45b23a8.php:46]
[ error ] [8]未定义数组索引: id[D:\wamp64\www\think\runtime\temp\a7f4cafc8dffea1ab1360a6fa45b23a8.php:54]
[ error ] [8]未定义数组索引: id[D:\wamp64\www\think\runtime\temp\a7f4cafc8dffea1ab1360a6fa45b23a8.php:63]
[ error ] [8]未定义数组索引: id[D:\wamp64\www\think\runtime\temp\a7f4cafc8dffea1ab1360a6fa45b23a8.php:38]
[ error ] [8]未定义数组索引: id[D:\wamp64\www\think\runtime\temp\a7f4cafc8dffea1ab1360a6fa45b23a8.php:40]
[ error ] [8]未定义数组索引: sort[D:\wamp64\www\think\runtime\temp\a7f4cafc8dffea1ab1360a6fa45b23a8.php:40]
[ error ] [8]未定义数组索引: _name[D:\wamp64\www\think\runtime\temp\a7f4cafc8dffea1ab1360a6fa45b23a8.php:42]
[ error ] [8]未定义数组索引: mca[D:\wamp64\www\think\runtime\temp\a7f4cafc8dffea1ab1360a6fa45b23a8.php:43]
[ error ] [8]未定义数组索引: ico[D:\wamp64\www\think\runtime\temp\a7f4cafc8dffea1ab1360a6fa45b23a8.php:44]
[ error ] [8]未定义数组索引: id[D:\wamp64\www\think\runtime\temp\a7f4cafc8dffea1ab1360a6fa45b23a8.php:46]
[ error ] [8]未定义数组索引: id[D:\wamp64\www\think\runtime\temp\a7f4cafc8dffea1ab1360a6fa45b23a8.php:54]
[ error ] [8]未定义数组索引: id[D:\wamp64\www\think\runtime\temp\a7f4cafc8dffea1ab1360a6fa45b23a8.php:63]
[ error ] [8]未定义数组索引: id[D:\wamp64\www\think\runtime\temp\a7f4cafc8dffea1ab1360a6fa45b23a8.php:38]
[ error ] [8]未定义数组索引: id[D:\wamp64\www\think\runtime\temp\a7f4cafc8dffea1ab1360a6fa45b23a8.php:40]
[ error ] [8]未定义数组索引: sort[D:\wamp64\www\think\runtime\temp\a7f4cafc8dffea1ab1360a6fa45b23a8.php:40]
[ error ] [8]未定义数组索引: _name[D:\wamp64\www\think\runtime\temp\a7f4cafc8dffea1ab1360a6fa45b23a8.php:42]
[ error ] [8]未定义数组索引: mca[D:\wamp64\www\think\runtime\temp\a7f4cafc8dffea1ab1360a6fa45b23a8.php:43]
[ error ] [8]未定义数组索引: ico[D:\wamp64\www\think\runtime\temp\a7f4cafc8dffea1ab1360a6fa45b23a8.php:44]
[ error ] [8]未定义数组索引: id[D:\wamp64\www\think\runtime\temp\a7f4cafc8dffea1ab1360a6fa45b23a8.php:46]
[ error ] [8]未定义数组索引: id[D:\wamp64\www\think\runtime\temp\a7f4cafc8dffea1ab1360a6fa45b23a8.php:54]
[ error ] [8]未定义数组索引: id[D:\wamp64\www\think\runtime\temp\a7f4cafc8dffea1ab1360a6fa45b23a8.php:63]
[ error ] [8]未定义数组索引: id[D:\wamp64\www\think\runtime\temp\a7f4cafc8dffea1ab1360a6fa45b23a8.php:38]
[ error ] [8]未定义数组索引: id[D:\wamp64\www\think\runtime\temp\a7f4cafc8dffea1ab1360a6fa45b23a8.php:40]
[ error ] [8]未定义数组索引: sort[D:\wamp64\www\think\runtime\temp\a7f4cafc8dffea1ab1360a6fa45b23a8.php:40]
[ error ] [8]未定义数组索引: _name[D:\wamp64\www\think\runtime\temp\a7f4cafc8dffea1ab1360a6fa45b23a8.php:42]
[ error ] [8]未定义数组索引: mca[D:\wamp64\www\think\runtime\temp\a7f4cafc8dffea1ab1360a6fa45b23a8.php:43]
[ error ] [8]未定义数组索引: ico[D:\wamp64\www\think\runtime\temp\a7f4cafc8dffea1ab1360a6fa45b23a8.php:44]
[ error ] [8]未定义数组索引: id[D:\wamp64\www\think\runtime\temp\a7f4cafc8dffea1ab1360a6fa45b23a8.php:46]
[ error ] [8]未定义数组索引: id[D:\wamp64\www\think\runtime\temp\a7f4cafc8dffea1ab1360a6fa45b23a8.php:54]
[ error ] [8]未定义数组索引: id[D:\wamp64\www\think\runtime\temp\a7f4cafc8dffea1ab1360a6fa45b23a8.php:63]
[ error ] [8]未定义数组索引: id[D:\wamp64\www\think\runtime\temp\a7f4cafc8dffea1ab1360a6fa45b23a8.php:38]
[ error ] [8]未定义数组索引: id[D:\wamp64\www\think\runtime\temp\a7f4cafc8dffea1ab1360a6fa45b23a8.php:40]
[ error ] [8]未定义数组索引: sort[D:\wamp64\www\think\runtime\temp\a7f4cafc8dffea1ab1360a6fa45b23a8.php:40]
[ error ] [8]未定义数组索引: _name[D:\wamp64\www\think\runtime\temp\a7f4cafc8dffea1ab1360a6fa45b23a8.php:42]
[ error ] [8]未定义数组索引: mca[D:\wamp64\www\think\runtime\temp\a7f4cafc8dffea1ab1360a6fa45b23a8.php:43]
[ error ] [8]未定义数组索引: ico[D:\wamp64\www\think\runtime\temp\a7f4cafc8dffea1ab1360a6fa45b23a8.php:44]
[ error ] [8]未定义数组索引: id[D:\wamp64\www\think\runtime\temp\a7f4cafc8dffea1ab1360a6fa45b23a8.php:46]
[ error ] [8]未定义数组索引: id[D:\wamp64\www\think\runtime\temp\a7f4cafc8dffea1ab1360a6fa45b23a8.php:54]
[ error ] [8]未定义数组索引: id[D:\wamp64\www\think\runtime\temp\a7f4cafc8dffea1ab1360a6fa45b23a8.php:63]
[ error ] [8]未定义数组索引: id[D:\wamp64\www\think\runtime\temp\a7f4cafc8dffea1ab1360a6fa45b23a8.php:38]
[ error ] [8]未定义数组索引: id[D:\wamp64\www\think\runtime\temp\a7f4cafc8dffea1ab1360a6fa45b23a8.php:40]
[ error ] [8]未定义数组索引: sort[D:\wamp64\www\think\runtime\temp\a7f4cafc8dffea1ab1360a6fa45b23a8.php:40]
[ error ] [8]未定义数组索引: _name[D:\wamp64\www\think\runtime\temp\a7f4cafc8dffea1ab1360a6fa45b23a8.php:42]
[ error ] [8]未定义数组索引: mca[D:\wamp64\www\think\runtime\temp\a7f4cafc8dffea1ab1360a6fa45b23a8.php:43]
[ error ] [8]未定义数组索引: ico[D:\wamp64\www\think\runtime\temp\a7f4cafc8dffea1ab1360a6fa45b23a8.php:44]
[ error ] [8]未定义数组索引: id[D:\wamp64\www\think\runtime\temp\a7f4cafc8dffea1ab1360a6fa45b23a8.php:46]
[ error ] [8]未定义数组索引: id[D:\wamp64\www\think\runtime\temp\a7f4cafc8dffea1ab1360a6fa45b23a8.php:54]
[ error ] [8]未定义数组索引: id[D:\wamp64\www\think\runtime\temp\a7f4cafc8dffea1ab1360a6fa45b23a8.php:63]
---------------------------------------------------------------
[ 2018-05-14T01:08:48+08:00 ] 127.0.0.1 127.0.0.1 GET /admin/config/?_=1526231328292
[ info ] gkkblog.com/admin/config/?_=1526231328292 [运行时间：0.060059s][吞吐率：16.65req/s] [内存消耗：3,400.37kb] [文件加载：54]
[ info ] [ LANG ] D:\wamp64\www\think\thinkphp\lang\zh-cn.php
[ info ] [ ROUTE ] array (
  'type' => 'module',
  'module' => 
  array (
    0 => 'pyadminurl',
    1 => 'config',
    2 => 'index',
  ),
  'convert' => false,
)
[ info ] [ HEADER ] array (
  'host' => 'gkkblog.com',
  'connection' => 'keep-alive',
  'accept' => 'text/html, */*; q=0.01',
  'x-requested-with' => 'XMLHttpRequest',
  'user-agent' => 'Mozilla/5.0 (Windows NT 10.0; Win64; x64) AppleWebKit/537.36 (KHTML, like Gecko) Chrome/66.0.3359.139 Safari/537.36',
  'referer' => 'http://gkkblog.com/admin/index/',
  'accept-encoding' => 'gzip, deflate',
  'accept-language' => 'zh-CN,zh;q=0.9',
  'cookie' => 'bdshare_firstime=1526123551445; PHPSESSID=f9dlkp7vkeh721cnism929l3a0',
)
[ info ] [ PARAM ] array (
  '_' => '1526231328292',
)
[ info ] [ SESSION ] INIT array (
  'id' => '',
  'var_session_id' => '',
  'prefix' => 'think',
  'type' => '',
  'auto_start' => true,
  'expire' => 518400,
)
[ info ] [ RUN ] app\pyadminurl\controller\Config->index[ D:\wamp64\www\think\application\pyadminurl\controller\Config.php ]
[ info ] [ VIEW ] D:\wamp64\www\think\public/../application/pyadminurl\view\config\index.html [ array (
) ]
[ info ] [ LOG ] INIT File
[ error ] [8]未定义变量: data[D:\wamp64\www\think\runtime\temp\4404729cffa0dcf23f9ef4752e94610d.php:22]
[ error ] [8]未定义变量: data[D:\wamp64\www\think\runtime\temp\4404729cffa0dcf23f9ef4752e94610d.php:23]
[ error ] [8]未定义变量: data[D:\wamp64\www\think\runtime\temp\4404729cffa0dcf23f9ef4752e94610d.php:32]
[ error ] [8]未定义变量: data[D:\wamp64\www\think\runtime\temp\4404729cffa0dcf23f9ef4752e94610d.php:33]
[ error ] [8]未定义变量: data[D:\wamp64\www\think\runtime\temp\4404729cffa0dcf23f9ef4752e94610d.php:42]
[ error ] [8]未定义变量: data[D:\wamp64\www\think\runtime\temp\4404729cffa0dcf23f9ef4752e94610d.php:43]
[ error ] [8]未定义变量: data[D:\wamp64\www\think\runtime\temp\4404729cffa0dcf23f9ef4752e94610d.php:52]
[ error ] [8]未定义变量: data[D:\wamp64\www\think\runtime\temp\4404729cffa0dcf23f9ef4752e94610d.php:53]
[ error ] [8]未定义变量: data[D:\wamp64\www\think\runtime\temp\4404729cffa0dcf23f9ef4752e94610d.php:62]
[ error ] [8]未定义变量: data[D:\wamp64\www\think\runtime\temp\4404729cffa0dcf23f9ef4752e94610d.php:63]
[ error ] [8]未定义变量: data[D:\wamp64\www\think\runtime\temp\4404729cffa0dcf23f9ef4752e94610d.php:72]
[ error ] [8]未定义变量: data[D:\wamp64\www\think\runtime\temp\4404729cffa0dcf23f9ef4752e94610d.php:73]
[ error ] [8]未定义变量: data[D:\wamp64\www\think\runtime\temp\4404729cffa0dcf23f9ef4752e94610d.php:82]
[ error ] [8]未定义变量: data[D:\wamp64\www\think\runtime\temp\4404729cffa0dcf23f9ef4752e94610d.php:83]
[ error ] [8]未定义变量: data[D:\wamp64\www\think\runtime\temp\4404729cffa0dcf23f9ef4752e94610d.php:92]
[ error ] [8]未定义变量: data[D:\wamp64\www\think\runtime\temp\4404729cffa0dcf23f9ef4752e94610d.php:93]
[ error ] [8]未定义变量: data[D:\wamp64\www\think\runtime\temp\4404729cffa0dcf23f9ef4752e94610d.php:102]
[ error ] [8]未定义变量: data[D:\wamp64\www\think\runtime\temp\4404729cffa0dcf23f9ef4752e94610d.php:103]
[ error ] [8]未定义变量: data[D:\wamp64\www\think\runtime\temp\4404729cffa0dcf23f9ef4752e94610d.php:113]
[ error ] [8]未定义变量: data[D:\wamp64\www\think\runtime\temp\4404729cffa0dcf23f9ef4752e94610d.php:114]
[ error ] [8]未定义变量: data[D:\wamp64\www\think\runtime\temp\4404729cffa0dcf23f9ef4752e94610d.php:124]
[ error ] [8]未定义变量: data[D:\wamp64\www\think\runtime\temp\4404729cffa0dcf23f9ef4752e94610d.php:125]
[ error ] [8]未定义变量: data[D:\wamp64\www\think\runtime\temp\4404729cffa0dcf23f9ef4752e94610d.php:134]
[ error ] [8]未定义变量: data[D:\wamp64\www\think\runtime\temp\4404729cffa0dcf23f9ef4752e94610d.php:135]
[ error ] [8]未定义变量: data[D:\wamp64\www\think\runtime\temp\4404729cffa0dcf23f9ef4752e94610d.php:145]
[ error ] [8]未定义变量: data[D:\wamp64\www\think\runtime\temp\4404729cffa0dcf23f9ef4752e94610d.php:146]
---------------------------------------------------------------
[ 2018-05-14T01:09:15+08:00 ] 127.0.0.1 127.0.0.1 GET /admin/index/.html?_=1526231355204
[ info ] gkkblog.com/admin/index/.html?_=1526231355204 [运行时间：0.078846s][吞吐率：12.68req/s] [内存消耗：5,433.02kb] [文件加载：63]
[ info ] [ LANG ] D:\wamp64\www\think\thinkphp\lang\zh-cn.php
[ info ] [ ROUTE ] array (
  'type' => 'module',
  'module' => 
  array (
    0 => 'pyadminurl',
    1 => 'index',
    2 => 'index',
  ),
  'convert' => false,
)
[ info ] [ HEADER ] array (
  'host' => 'gkkblog.com',
  'connection' => 'keep-alive',
  'accept' => 'text/html, */*; q=0.01',
  'x-requested-with' => 'XMLHttpRequest',
  'user-agent' => 'Mozilla/5.0 (Windows NT 10.0; Win64; x64) AppleWebKit/537.36 (KHTML, like Gecko) Chrome/66.0.3359.139 Safari/537.36',
  'referer' => 'http://gkkblog.com/admin/index/',
  'accept-encoding' => 'gzip, deflate',
  'accept-language' => 'zh-CN,zh;q=0.9',
  'cookie' => 'thinkphp_show_page_trace=0|0; bdshare_firstime=1526123551445; PHPSESSID=f9dlkp7vkeh721cnism929l3a0',
)
[ info ] [ PARAM ] array (
  '_' => '1526231355204',
)
[ info ] [ SESSION ] INIT array (
  'id' => '',
  'var_session_id' => '',
  'prefix' => 'think',
  'type' => '',
  'auto_start' => true,
  'expire' => 518400,
)
[ info ] [ RUN ] app\pyadminurl\controller\Index->index[ D:\wamp64\www\think\application\pyadminurl\controller\Index.php ]
[ info ] [ DB ] INIT mysql
[ info ] [ VIEW ] D:\wamp64\www\think\public/../application/pyadminurl\view\index\index.html [ array (
  0 => 'nav_data',
) ]
[ info ] [ LOG ] INIT File
[ sql ] [ DB ] CONNECT:[ UseTime:0.001775s ] mysql:host=127.0.0.1;port=3306;dbname=blog;charset=utf8
[ sql ] [ SQL ] SHOW COLUMNS FROM `blog_navs` [ RunTime:0.001439s ]
[ sql ] [ SQL ] SELECT * FROM `blog_navs` [ RunTime:0.000562s ]
[ error ] [8]未定义数组索引: ico[D:\wamp64\www\think\runtime\temp\53db235a9d92eda9be68f533fec7e6c4.php:146]
[ error ] [8]未定义数组索引: name[D:\wamp64\www\think\runtime\temp\53db235a9d92eda9be68f533fec7e6c4.php:146]
[ error ] [8]未定义数组索引: _data[D:\wamp64\www\think\runtime\temp\53db235a9d92eda9be68f533fec7e6c4.php:147]
[ error ] [8]未定义数组索引: _data[D:\wamp64\www\think\runtime\temp\53db235a9d92eda9be68f533fec7e6c4.php:147]
[ error ] [8]未定义数组索引: _data[D:\wamp64\www\think\runtime\temp\53db235a9d92eda9be68f533fec7e6c4.php:147]
[ error ] [8]未定义数组索引: ico[D:\wamp64\www\think\runtime\temp\53db235a9d92eda9be68f533fec7e6c4.php:146]
[ error ] [8]未定义数组索引: name[D:\wamp64\www\think\runtime\temp\53db235a9d92eda9be68f533fec7e6c4.php:146]
[ error ] [8]未定义数组索引: _data[D:\wamp64\www\think\runtime\temp\53db235a9d92eda9be68f533fec7e6c4.php:147]
[ error ] [8]未定义数组索引: _data[D:\wamp64\www\think\runtime\temp\53db235a9d92eda9be68f533fec7e6c4.php:147]
[ error ] [8]未定义数组索引: _data[D:\wamp64\www\think\runtime\temp\53db235a9d92eda9be68f533fec7e6c4.php:147]
[ error ] [8]未定义数组索引: ico[D:\wamp64\www\think\runtime\temp\53db235a9d92eda9be68f533fec7e6c4.php:146]
[ error ] [8]未定义数组索引: name[D:\wamp64\www\think\runtime\temp\53db235a9d92eda9be68f533fec7e6c4.php:146]
[ error ] [8]未定义数组索引: _data[D:\wamp64\www\think\runtime\temp\53db235a9d92eda9be68f533fec7e6c4.php:147]
[ error ] [8]未定义数组索引: _data[D:\wamp64\www\think\runtime\temp\53db235a9d92eda9be68f533fec7e6c4.php:147]
[ error ] [8]未定义数组索引: _data[D:\wamp64\www\think\runtime\temp\53db235a9d92eda9be68f533fec7e6c4.php:147]
[ error ] [8]未定义数组索引: ico[D:\wamp64\www\think\runtime\temp\53db235a9d92eda9be68f533fec7e6c4.php:146]
[ error ] [8]未定义数组索引: name[D:\wamp64\www\think\runtime\temp\53db235a9d92eda9be68f533fec7e6c4.php:146]
[ error ] [8]未定义数组索引: _data[D:\wamp64\www\think\runtime\temp\53db235a9d92eda9be68f533fec7e6c4.php:147]
[ error ] [8]未定义数组索引: _data[D:\wamp64\www\think\runtime\temp\53db235a9d92eda9be68f533fec7e6c4.php:147]
[ error ] [8]未定义数组索引: _data[D:\wamp64\www\think\runtime\temp\53db235a9d92eda9be68f533fec7e6c4.php:147]
[ error ] [8]未定义数组索引: ico[D:\wamp64\www\think\runtime\temp\53db235a9d92eda9be68f533fec7e6c4.php:146]
[ error ] [8]未定义数组索引: name[D:\wamp64\www\think\runtime\temp\53db235a9d92eda9be68f533fec7e6c4.php:146]
[ error ] [8]未定义数组索引: _data[D:\wamp64\www\think\runtime\temp\53db235a9d92eda9be68f533fec7e6c4.php:147]
[ error ] [8]未定义数组索引: _data[D:\wamp64\www\think\runtime\temp\53db235a9d92eda9be68f533fec7e6c4.php:147]
[ error ] [8]未定义数组索引: _data[D:\wamp64\www\think\runtime\temp\53db235a9d92eda9be68f533fec7e6c4.php:147]
[ error ] [8]未定义数组索引: ico[D:\wamp64\www\think\runtime\temp\53db235a9d92eda9be68f533fec7e6c4.php:146]
[ error ] [8]未定义数组索引: name[D:\wamp64\www\think\runtime\temp\53db235a9d92eda9be68f533fec7e6c4.php:146]
[ error ] [8]未定义数组索引: _data[D:\wamp64\www\think\runtime\temp\53db235a9d92eda9be68f533fec7e6c4.php:147]
[ error ] [8]未定义数组索引: _data[D:\wamp64\www\think\runtime\temp\53db235a9d92eda9be68f533fec7e6c4.php:147]
[ error ] [8]未定义数组索引: _data[D:\wamp64\www\think\runtime\temp\53db235a9d92eda9be68f533fec7e6c4.php:147]
[ error ] [8]未定义数组索引: ico[D:\wamp64\www\think\runtime\temp\53db235a9d92eda9be68f533fec7e6c4.php:146]
[ error ] [8]未定义数组索引: name[D:\wamp64\www\think\runtime\temp\53db235a9d92eda9be68f533fec7e6c4.php:146]
[ error ] [8]未定义数组索引: _data[D:\wamp64\www\think\runtime\temp\53db235a9d92eda9be68f533fec7e6c4.php:147]
[ error ] [8]未定义数组索引: _data[D:\wamp64\www\think\runtime\temp\53db235a9d92eda9be68f533fec7e6c4.php:147]
[ error ] [8]未定义数组索引: _data[D:\wamp64\www\think\runtime\temp\53db235a9d92eda9be68f533fec7e6c4.php:147]
---------------------------------------------------------------
[ 2018-05-14T01:09:15+08:00 ] 127.0.0.1 127.0.0.1 GET /admin/index/member/.html
[ info ] gkkblog.com/admin/index/member/.html [运行时间：0.074390s][吞吐率：13.44req/s] [内存消耗：5,223.45kb] [文件加载：58]
[ info ] [ LANG ] D:\wamp64\www\think\thinkphp\lang\zh-cn.php
[ info ] [ ROUTE ] array (
  'type' => 'module',
  'module' => 
  array (
    0 => 'pyadminurl',
    1 => 'index',
    2 => 'member',
  ),
  'convert' => false,
)
[ info ] [ HEADER ] array (
  'host' => 'gkkblog.com',
  'connection' => 'keep-alive',
  'accept' => 'application/json, text/javascript, */*; q=0.01',
  'x-requested-with' => 'XMLHttpRequest',
  'user-agent' => 'Mozilla/5.0 (Windows NT 10.0; Win64; x64) AppleWebKit/537.36 (KHTML, like Gecko) Chrome/66.0.3359.139 Safari/537.36',
  'referer' => 'http://gkkblog.com/admin/index/',
  'accept-encoding' => 'gzip, deflate',
  'accept-language' => 'zh-CN,zh;q=0.9',
  'cookie' => 'thinkphp_show_page_trace=0|0; bdshare_firstime=1526123551445; PHPSESSID=f9dlkp7vkeh721cnism929l3a0',
)
[ info ] [ PARAM ] array (
)
[ info ] [ SESSION ] INIT array (
  'id' => '',
  'var_session_id' => '',
  'prefix' => 'think',
  'type' => '',
  'auto_start' => true,
  'expire' => 518400,
)
[ info ] [ RUN ] app\pyadminurl\controller\Index->member[ D:\wamp64\www\think\application\pyadminurl\controller\Index.php ]
[ info ] [ DB ] INIT mysql
[ info ] [ LOG ] INIT File
[ sql ] [ DB ] CONNECT:[ UseTime:0.001177s ] mysql:host=127.0.0.1;port=3306;dbname=blog;charset=utf8
[ sql ] [ SQL ] SHOW COLUMNS FROM `blog_user` [ RunTime:0.000759s ]
[ sql ] [ SQL ] SELECT * FROM `blog_user` [ RunTime:0.000333s ]
[ sql ] [ SQL ] SELECT * FROM `blog_user` [ RunTime:0.000393s ]
[ sql ] [ SQL ] SELECT * FROM `blog_user` [ RunTime:0.000410s ]
[ sql ] [ SQL ] SELECT * FROM `blog_user` [ RunTime:0.000334s ]
[ sql ] [ SQL ] SELECT * FROM `blog_user` [ RunTime:0.000383s ]
[ sql ] [ SQL ] SELECT * FROM `blog_user` [ RunTime:0.000465s ]
[ sql ] [ SQL ] SELECT * FROM `blog_user` [ RunTime:0.000394s ]
[ sql ] [ SQL ] SELECT * FROM `blog_user` [ RunTime:0.000385s ]
[ sql ] [ SQL ] SELECT * FROM `blog_user` [ RunTime:0.001774s ]
[ sql ] [ SQL ] SELECT * FROM `blog_user` [ RunTime:0.000419s ]
[ sql ] [ SQL ] SELECT * FROM `blog_user` [ RunTime:0.000462s ]
[ sql ] [ SQL ] SELECT * FROM `blog_user` [ RunTime:0.000500s ]
---------------------------------------------------------------
[ 2018-05-14T01:09:23+08:00 ] 127.0.0.1 127.0.0.1 GET /admin/index/
[ info ] gkkblog.com/admin/index/ [运行时间：0.077776s][吞吐率：12.86req/s] [内存消耗：5,500.13kb] [文件加载：65]
[ info ] [ LANG ] D:\wamp64\www\think\thinkphp\lang\zh-cn.php
[ info ] [ ROUTE ] array (
  'type' => 'module',
  'module' => 
  array (
    0 => 'pyadminurl',
    1 => 'index',
    2 => 'index',
  ),
  'convert' => false,
)
[ info ] [ HEADER ] array (
  'host' => 'gkkblog.com',
  'connection' => 'keep-alive',
  'cache-control' => 'max-age=0',
  'upgrade-insecure-requests' => '1',
  'user-agent' => 'Mozilla/5.0 (Windows NT 10.0; Win64; x64) AppleWebKit/537.36 (KHTML, like Gecko) Chrome/66.0.3359.139 Safari/537.36',
  'accept' => 'text/html,application/xhtml+xml,application/xml;q=0.9,image/webp,image/apng,*/*;q=0.8',
  'accept-encoding' => 'gzip, deflate',
  'accept-language' => 'zh-CN,zh;q=0.9',
  'cookie' => 'thinkphp_show_page_trace=0|0; bdshare_firstime=1526123551445; PHPSESSID=f9dlkp7vkeh721cnism929l3a0',
)
[ info ] [ PARAM ] array (
)
[ info ] [ SESSION ] INIT array (
  'id' => '',
  'var_session_id' => '',
  'prefix' => 'think',
  'type' => '',
  'auto_start' => true,
  'expire' => 518400,
)
[ info ] [ RUN ] app\pyadminurl\controller\Index->index[ D:\wamp64\www\think\application\pyadminurl\controller\Index.php ]
[ info ] [ DB ] INIT mysql
[ info ] [ VIEW ] D:\wamp64\www\think\public/../application/pyadminurl\view\index\index.html [ array (
  0 => 'nav_data',
) ]
[ info ] [ LOG ] INIT File
[ sql ] [ DB ] CONNECT:[ UseTime:0.001197s ] mysql:host=127.0.0.1;port=3306;dbname=blog;charset=utf8
[ sql ] [ SQL ] SHOW COLUMNS FROM `blog_navs` [ RunTime:0.001299s ]
[ sql ] [ SQL ] SELECT * FROM `blog_navs` [ RunTime:0.000417s ]
[ error ] [8]未定义数组索引: ico[D:\wamp64\www\think\runtime\temp\53db235a9d92eda9be68f533fec7e6c4.php:146]
[ error ] [8]未定义数组索引: name[D:\wamp64\www\think\runtime\temp\53db235a9d92eda9be68f533fec7e6c4.php:146]
[ error ] [8]未定义数组索引: _data[D:\wamp64\www\think\runtime\temp\53db235a9d92eda9be68f533fec7e6c4.php:147]
[ error ] [8]未定义数组索引: _data[D:\wamp64\www\think\runtime\temp\53db235a9d92eda9be68f533fec7e6c4.php:147]
[ error ] [8]未定义数组索引: _data[D:\wamp64\www\think\runtime\temp\53db235a9d92eda9be68f533fec7e6c4.php:147]
[ error ] [8]未定义数组索引: ico[D:\wamp64\www\think\runtime\temp\53db235a9d92eda9be68f533fec7e6c4.php:146]
[ error ] [8]未定义数组索引: name[D:\wamp64\www\think\runtime\temp\53db235a9d92eda9be68f533fec7e6c4.php:146]
[ error ] [8]未定义数组索引: _data[D:\wamp64\www\think\runtime\temp\53db235a9d92eda9be68f533fec7e6c4.php:147]
[ error ] [8]未定义数组索引: _data[D:\wamp64\www\think\runtime\temp\53db235a9d92eda9be68f533fec7e6c4.php:147]
[ error ] [8]未定义数组索引: _data[D:\wamp64\www\think\runtime\temp\53db235a9d92eda9be68f533fec7e6c4.php:147]
[ error ] [8]未定义数组索引: ico[D:\wamp64\www\think\runtime\temp\53db235a9d92eda9be68f533fec7e6c4.php:146]
[ error ] [8]未定义数组索引: name[D:\wamp64\www\think\runtime\temp\53db235a9d92eda9be68f533fec7e6c4.php:146]
[ error ] [8]未定义数组索引: _data[D:\wamp64\www\think\runtime\temp\53db235a9d92eda9be68f533fec7e6c4.php:147]
[ error ] [8]未定义数组索引: _data[D:\wamp64\www\think\runtime\temp\53db235a9d92eda9be68f533fec7e6c4.php:147]
[ error ] [8]未定义数组索引: _data[D:\wamp64\www\think\runtime\temp\53db235a9d92eda9be68f533fec7e6c4.php:147]
[ error ] [8]未定义数组索引: ico[D:\wamp64\www\think\runtime\temp\53db235a9d92eda9be68f533fec7e6c4.php:146]
[ error ] [8]未定义数组索引: name[D:\wamp64\www\think\runtime\temp\53db235a9d92eda9be68f533fec7e6c4.php:146]
[ error ] [8]未定义数组索引: _data[D:\wamp64\www\think\runtime\temp\53db235a9d92eda9be68f533fec7e6c4.php:147]
[ error ] [8]未定义数组索引: _data[D:\wamp64\www\think\runtime\temp\53db235a9d92eda9be68f533fec7e6c4.php:147]
[ error ] [8]未定义数组索引: _data[D:\wamp64\www\think\runtime\temp\53db235a9d92eda9be68f533fec7e6c4.php:147]
[ error ] [8]未定义数组索引: ico[D:\wamp64\www\think\runtime\temp\53db235a9d92eda9be68f533fec7e6c4.php:146]
[ error ] [8]未定义数组索引: name[D:\wamp64\www\think\runtime\temp\53db235a9d92eda9be68f533fec7e6c4.php:146]
[ error ] [8]未定义数组索引: _data[D:\wamp64\www\think\runtime\temp\53db235a9d92eda9be68f533fec7e6c4.php:147]
[ error ] [8]未定义数组索引: _data[D:\wamp64\www\think\runtime\temp\53db235a9d92eda9be68f533fec7e6c4.php:147]
[ error ] [8]未定义数组索引: _data[D:\wamp64\www\think\runtime\temp\53db235a9d92eda9be68f533fec7e6c4.php:147]
[ error ] [8]未定义数组索引: ico[D:\wamp64\www\think\runtime\temp\53db235a9d92eda9be68f533fec7e6c4.php:146]
[ error ] [8]未定义数组索引: name[D:\wamp64\www\think\runtime\temp\53db235a9d92eda9be68f533fec7e6c4.php:146]
[ error ] [8]未定义数组索引: _data[D:\wamp64\www\think\runtime\temp\53db235a9d92eda9be68f533fec7e6c4.php:147]
[ error ] [8]未定义数组索引: _data[D:\wamp64\www\think\runtime\temp\53db235a9d92eda9be68f533fec7e6c4.php:147]
[ error ] [8]未定义数组索引: _data[D:\wamp64\www\think\runtime\temp\53db235a9d92eda9be68f533fec7e6c4.php:147]
[ error ] [8]未定义数组索引: ico[D:\wamp64\www\think\runtime\temp\53db235a9d92eda9be68f533fec7e6c4.php:146]
[ error ] [8]未定义数组索引: name[D:\wamp64\www\think\runtime\temp\53db235a9d92eda9be68f533fec7e6c4.php:146]
[ error ] [8]未定义数组索引: _data[D:\wamp64\www\think\runtime\temp\53db235a9d92eda9be68f533fec7e6c4.php:147]
[ error ] [8]未定义数组索引: _data[D:\wamp64\www\think\runtime\temp\53db235a9d92eda9be68f533fec7e6c4.php:147]
[ error ] [8]未定义数组索引: _data[D:\wamp64\www\think\runtime\temp\53db235a9d92eda9be68f533fec7e6c4.php:147]
---------------------------------------------------------------
[ 2018-05-14T01:09:24+08:00 ] 127.0.0.1 127.0.0.1 GET /admin/index/member/.html
[ info ] gkkblog.com/admin/index/member/.html [运行时间：0.091030s][吞吐率：10.99req/s] [内存消耗：5,223.45kb] [文件加载：58]
[ info ] [ LANG ] D:\wamp64\www\think\thinkphp\lang\zh-cn.php
[ info ] [ ROUTE ] array (
  'type' => 'module',
  'module' => 
  array (
    0 => 'pyadminurl',
    1 => 'index',
    2 => 'member',
  ),
  'convert' => false,
)
[ info ] [ HEADER ] array (
  'host' => 'gkkblog.com',
  'connection' => 'keep-alive',
  'accept' => 'application/json, text/javascript, */*; q=0.01',
  'x-requested-with' => 'XMLHttpRequest',
  'user-agent' => 'Mozilla/5.0 (Windows NT 10.0; Win64; x64) AppleWebKit/537.36 (KHTML, like Gecko) Chrome/66.0.3359.139 Safari/537.36',
  'referer' => 'http://gkkblog.com/admin/index/',
  'accept-encoding' => 'gzip, deflate',
  'accept-language' => 'zh-CN,zh;q=0.9',
  'cookie' => 'thinkphp_show_page_trace=0|0; bdshare_firstime=1526123551445; PHPSESSID=f9dlkp7vkeh721cnism929l3a0',
)
[ info ] [ PARAM ] array (
)
[ info ] [ SESSION ] INIT array (
  'id' => '',
  'var_session_id' => '',
  'prefix' => 'think',
  'type' => '',
  'auto_start' => true,
  'expire' => 518400,
)
[ info ] [ RUN ] app\pyadminurl\controller\Index->member[ D:\wamp64\www\think\application\pyadminurl\controller\Index.php ]
[ info ] [ DB ] INIT mysql
[ info ] [ LOG ] INIT File
[ sql ] [ DB ] CONNECT:[ UseTime:0.001182s ] mysql:host=127.0.0.1;port=3306;dbname=blog;charset=utf8
[ sql ] [ SQL ] SHOW COLUMNS FROM `blog_user` [ RunTime:0.000822s ]
[ sql ] [ SQL ] SELECT * FROM `blog_user` [ RunTime:0.000349s ]
[ sql ] [ SQL ] SELECT * FROM `blog_user` [ RunTime:0.001205s ]
[ sql ] [ SQL ] SELECT * FROM `blog_user` [ RunTime:0.000715s ]
[ sql ] [ SQL ] SELECT * FROM `blog_user` [ RunTime:0.000301s ]
[ sql ] [ SQL ] SELECT * FROM `blog_user` [ RunTime:0.000290s ]
[ sql ] [ SQL ] SELECT * FROM `blog_user` [ RunTime:0.000272s ]
[ sql ] [ SQL ] SELECT * FROM `blog_user` [ RunTime:0.000244s ]
[ sql ] [ SQL ] SELECT * FROM `blog_user` [ RunTime:0.000242s ]
[ sql ] [ SQL ] SELECT * FROM `blog_user` [ RunTime:0.000248s ]
[ sql ] [ SQL ] SELECT * FROM `blog_user` [ RunTime:0.000237s ]
[ sql ] [ SQL ] SELECT * FROM `blog_user` [ RunTime:0.000239s ]
[ sql ] [ SQL ] SELECT * FROM `blog_user` [ RunTime:0.000239s ]
---------------------------------------------------------------
[ 2018-05-14T01:09:27+08:00 ] 127.0.0.1 127.0.0.1 GET /admin/nav/.html?_=1526231367461
[ info ] gkkblog.com/admin/nav/.html?_=1526231367461 [运行时间：0.082643s][吞吐率：12.10req/s] [内存消耗：5,372.08kb] [文件加载：63]
[ info ] [ LANG ] D:\wamp64\www\think\thinkphp\lang\zh-cn.php
[ info ] [ ROUTE ] array (
  'type' => 'module',
  'module' => 
  array (
    0 => 'pyadminurl',
    1 => 'nav',
    2 => 'index',
  ),
  'convert' => false,
)
[ info ] [ HEADER ] array (
  'host' => 'gkkblog.com',
  'connection' => 'keep-alive',
  'accept' => 'text/html, */*; q=0.01',
  'x-requested-with' => 'XMLHttpRequest',
  'user-agent' => 'Mozilla/5.0 (Windows NT 10.0; Win64; x64) AppleWebKit/537.36 (KHTML, like Gecko) Chrome/66.0.3359.139 Safari/537.36',
  'referer' => 'http://gkkblog.com/admin/index/',
  'accept-encoding' => 'gzip, deflate',
  'accept-language' => 'zh-CN,zh;q=0.9',
  'cookie' => 'bdshare_firstime=1526123551445; PHPSESSID=f9dlkp7vkeh721cnism929l3a0',
)
[ info ] [ PARAM ] array (
  '_' => '1526231367461',
)
[ info ] [ SESSION ] INIT array (
  'id' => '',
  'var_session_id' => '',
  'prefix' => 'think',
  'type' => '',
  'auto_start' => true,
  'expire' => 518400,
)
[ info ] [ DB ] INIT mysql
[ info ] [ RUN ] app\pyadminurl\controller\Nav->index[ D:\wamp64\www\think\application\pyadminurl\controller\Nav.php ]
[ info ] [ VIEW ] D:\wamp64\www\think\public/../application/pyadminurl\view\nav\index.html [ array (
  0 => 'data',
) ]
[ info ] [ LOG ] INIT File
[ sql ] [ DB ] CONNECT:[ UseTime:0.010792s ] mysql:host=127.0.0.1;port=3306;dbname=blog;charset=utf8
[ sql ] [ SQL ] SHOW COLUMNS FROM `blog_navs` [ RunTime:0.000737s ]
[ sql ] [ SQL ] SELECT * FROM `blog_navs` [ RunTime:0.000409s ]
[ error ] [8]未定义数组索引: id[D:\wamp64\www\think\runtime\temp\a7f4cafc8dffea1ab1360a6fa45b23a8.php:38]
[ error ] [8]未定义数组索引: id[D:\wamp64\www\think\runtime\temp\a7f4cafc8dffea1ab1360a6fa45b23a8.php:40]
[ error ] [8]未定义数组索引: sort[D:\wamp64\www\think\runtime\temp\a7f4cafc8dffea1ab1360a6fa45b23a8.php:40]
[ error ] [8]未定义数组索引: _name[D:\wamp64\www\think\runtime\temp\a7f4cafc8dffea1ab1360a6fa45b23a8.php:42]
[ error ] [8]未定义数组索引: mca[D:\wamp64\www\think\runtime\temp\a7f4cafc8dffea1ab1360a6fa45b23a8.php:43]
[ error ] [8]未定义数组索引: ico[D:\wamp64\www\think\runtime\temp\a7f4cafc8dffea1ab1360a6fa45b23a8.php:44]
[ error ] [8]未定义数组索引: id[D:\wamp64\www\think\runtime\temp\a7f4cafc8dffea1ab1360a6fa45b23a8.php:46]
[ error ] [8]未定义数组索引: id[D:\wamp64\www\think\runtime\temp\a7f4cafc8dffea1ab1360a6fa45b23a8.php:54]
[ error ] [8]未定义数组索引: id[D:\wamp64\www\think\runtime\temp\a7f4cafc8dffea1ab1360a6fa45b23a8.php:63]
[ error ] [8]未定义数组索引: id[D:\wamp64\www\think\runtime\temp\a7f4cafc8dffea1ab1360a6fa45b23a8.php:38]
[ error ] [8]未定义数组索引: id[D:\wamp64\www\think\runtime\temp\a7f4cafc8dffea1ab1360a6fa45b23a8.php:40]
[ error ] [8]未定义数组索引: sort[D:\wamp64\www\think\runtime\temp\a7f4cafc8dffea1ab1360a6fa45b23a8.php:40]
[ error ] [8]未定义数组索引: _name[D:\wamp64\www\think\runtime\temp\a7f4cafc8dffea1ab1360a6fa45b23a8.php:42]
[ error ] [8]未定义数组索引: mca[D:\wamp64\www\think\runtime\temp\a7f4cafc8dffea1ab1360a6fa45b23a8.php:43]
[ error ] [8]未定义数组索引: ico[D:\wamp64\www\think\runtime\temp\a7f4cafc8dffea1ab1360a6fa45b23a8.php:44]
[ error ] [8]未定义数组索引: id[D:\wamp64\www\think\runtime\temp\a7f4cafc8dffea1ab1360a6fa45b23a8.php:46]
[ error ] [8]未定义数组索引: id[D:\wamp64\www\think\runtime\temp\a7f4cafc8dffea1ab1360a6fa45b23a8.php:54]
[ error ] [8]未定义数组索引: id[D:\wamp64\www\think\runtime\temp\a7f4cafc8dffea1ab1360a6fa45b23a8.php:63]
[ error ] [8]未定义数组索引: id[D:\wamp64\www\think\runtime\temp\a7f4cafc8dffea1ab1360a6fa45b23a8.php:38]
[ error ] [8]未定义数组索引: id[D:\wamp64\www\think\runtime\temp\a7f4cafc8dffea1ab1360a6fa45b23a8.php:40]
[ error ] [8]未定义数组索引: sort[D:\wamp64\www\think\runtime\temp\a7f4cafc8dffea1ab1360a6fa45b23a8.php:40]
[ error ] [8]未定义数组索引: _name[D:\wamp64\www\think\runtime\temp\a7f4cafc8dffea1ab1360a6fa45b23a8.php:42]
[ error ] [8]未定义数组索引: mca[D:\wamp64\www\think\runtime\temp\a7f4cafc8dffea1ab1360a6fa45b23a8.php:43]
[ error ] [8]未定义数组索引: ico[D:\wamp64\www\think\runtime\temp\a7f4cafc8dffea1ab1360a6fa45b23a8.php:44]
[ error ] [8]未定义数组索引: id[D:\wamp64\www\think\runtime\temp\a7f4cafc8dffea1ab1360a6fa45b23a8.php:46]
[ error ] [8]未定义数组索引: id[D:\wamp64\www\think\runtime\temp\a7f4cafc8dffea1ab1360a6fa45b23a8.php:54]
[ error ] [8]未定义数组索引: id[D:\wamp64\www\think\runtime\temp\a7f4cafc8dffea1ab1360a6fa45b23a8.php:63]
[ error ] [8]未定义数组索引: id[D:\wamp64\www\think\runtime\temp\a7f4cafc8dffea1ab1360a6fa45b23a8.php:38]
[ error ] [8]未定义数组索引: id[D:\wamp64\www\think\runtime\temp\a7f4cafc8dffea1ab1360a6fa45b23a8.php:40]
[ error ] [8]未定义数组索引: sort[D:\wamp64\www\think\runtime\temp\a7f4cafc8dffea1ab1360a6fa45b23a8.php:40]
[ error ] [8]未定义数组索引: _name[D:\wamp64\www\think\runtime\temp\a7f4cafc8dffea1ab1360a6fa45b23a8.php:42]
[ error ] [8]未定义数组索引: mca[D:\wamp64\www\think\runtime\temp\a7f4cafc8dffea1ab1360a6fa45b23a8.php:43]
[ error ] [8]未定义数组索引: ico[D:\wamp64\www\think\runtime\temp\a7f4cafc8dffea1ab1360a6fa45b23a8.php:44]
[ error ] [8]未定义数组索引: id[D:\wamp64\www\think\runtime\temp\a7f4cafc8dffea1ab1360a6fa45b23a8.php:46]
[ error ] [8]未定义数组索引: id[D:\wamp64\www\think\runtime\temp\a7f4cafc8dffea1ab1360a6fa45b23a8.php:54]
[ error ] [8]未定义数组索引: id[D:\wamp64\www\think\runtime\temp\a7f4cafc8dffea1ab1360a6fa45b23a8.php:63]
[ error ] [8]未定义数组索引: id[D:\wamp64\www\think\runtime\temp\a7f4cafc8dffea1ab1360a6fa45b23a8.php:38]
[ error ] [8]未定义数组索引: id[D:\wamp64\www\think\runtime\temp\a7f4cafc8dffea1ab1360a6fa45b23a8.php:40]
[ error ] [8]未定义数组索引: sort[D:\wamp64\www\think\runtime\temp\a7f4cafc8dffea1ab1360a6fa45b23a8.php:40]
[ error ] [8]未定义数组索引: _name[D:\wamp64\www\think\runtime\temp\a7f4cafc8dffea1ab1360a6fa45b23a8.php:42]
[ error ] [8]未定义数组索引: mca[D:\wamp64\www\think\runtime\temp\a7f4cafc8dffea1ab1360a6fa45b23a8.php:43]
[ error ] [8]未定义数组索引: ico[D:\wamp64\www\think\runtime\temp\a7f4cafc8dffea1ab1360a6fa45b23a8.php:44]
[ error ] [8]未定义数组索引: id[D:\wamp64\www\think\runtime\temp\a7f4cafc8dffea1ab1360a6fa45b23a8.php:46]
[ error ] [8]未定义数组索引: id[D:\wamp64\www\think\runtime\temp\a7f4cafc8dffea1ab1360a6fa45b23a8.php:54]
[ error ] [8]未定义数组索引: id[D:\wamp64\www\think\runtime\temp\a7f4cafc8dffea1ab1360a6fa45b23a8.php:63]
[ error ] [8]未定义数组索引: id[D:\wamp64\www\think\runtime\temp\a7f4cafc8dffea1ab1360a6fa45b23a8.php:38]
[ error ] [8]未定义数组索引: id[D:\wamp64\www\think\runtime\temp\a7f4cafc8dffea1ab1360a6fa45b23a8.php:40]
[ error ] [8]未定义数组索引: sort[D:\wamp64\www\think\runtime\temp\a7f4cafc8dffea1ab1360a6fa45b23a8.php:40]
[ error ] [8]未定义数组索引: _name[D:\wamp64\www\think\runtime\temp\a7f4cafc8dffea1ab1360a6fa45b23a8.php:42]
[ error ] [8]未定义数组索引: mca[D:\wamp64\www\think\runtime\temp\a7f4cafc8dffea1ab1360a6fa45b23a8.php:43]
[ error ] [8]未定义数组索引: ico[D:\wamp64\www\think\runtime\temp\a7f4cafc8dffea1ab1360a6fa45b23a8.php:44]
[ error ] [8]未定义数组索引: id[D:\wamp64\www\think\runtime\temp\a7f4cafc8dffea1ab1360a6fa45b23a8.php:46]
[ error ] [8]未定义数组索引: id[D:\wamp64\www\think\runtime\temp\a7f4cafc8dffea1ab1360a6fa45b23a8.php:54]
[ error ] [8]未定义数组索引: id[D:\wamp64\www\think\runtime\temp\a7f4cafc8dffea1ab1360a6fa45b23a8.php:63]
[ error ] [8]未定义数组索引: id[D:\wamp64\www\think\runtime\temp\a7f4cafc8dffea1ab1360a6fa45b23a8.php:38]
[ error ] [8]未定义数组索引: id[D:\wamp64\www\think\runtime\temp\a7f4cafc8dffea1ab1360a6fa45b23a8.php:40]
[ error ] [8]未定义数组索引: sort[D:\wamp64\www\think\runtime\temp\a7f4cafc8dffea1ab1360a6fa45b23a8.php:40]
[ error ] [8]未定义数组索引: _name[D:\wamp64\www\think\runtime\temp\a7f4cafc8dffea1ab1360a6fa45b23a8.php:42]
[ error ] [8]未定义数组索引: mca[D:\wamp64\www\think\runtime\temp\a7f4cafc8dffea1ab1360a6fa45b23a8.php:43]
[ error ] [8]未定义数组索引: ico[D:\wamp64\www\think\runtime\temp\a7f4cafc8dffea1ab1360a6fa45b23a8.php:44]
[ error ] [8]未定义数组索引: id[D:\wamp64\www\think\runtime\temp\a7f4cafc8dffea1ab1360a6fa45b23a8.php:46]
[ error ] [8]未定义数组索引: id[D:\wamp64\www\think\runtime\temp\a7f4cafc8dffea1ab1360a6fa45b23a8.php:54]
[ error ] [8]未定义数组索引: id[D:\wamp64\www\think\runtime\temp\a7f4cafc8dffea1ab1360a6fa45b23a8.php:63]
---------------------------------------------------------------
[ 2018-05-14T01:10:56+08:00 ] 127.0.0.1 127.0.0.1 GET /admin/index/
[ info ] gkkblog.com/admin/index/ [运行时间：0.075854s][吞吐率：13.18req/s] [内存消耗：5,500.13kb] [文件加载：65]
[ info ] [ LANG ] D:\wamp64\www\think\thinkphp\lang\zh-cn.php
[ info ] [ ROUTE ] array (
  'type' => 'module',
  'module' => 
  array (
    0 => 'pyadminurl',
    1 => 'index',
    2 => 'index',
  ),
  'convert' => false,
)
[ info ] [ HEADER ] array (
  'host' => 'gkkblog.com',
  'connection' => 'keep-alive',
  'cache-control' => 'max-age=0',
  'upgrade-insecure-requests' => '1',
  'user-agent' => 'Mozilla/5.0 (Windows NT 10.0; Win64; x64) AppleWebKit/537.36 (KHTML, like Gecko) Chrome/66.0.3359.139 Safari/537.36',
  'accept' => 'text/html,application/xhtml+xml,application/xml;q=0.9,image/webp,image/apng,*/*;q=0.8',
  'accept-encoding' => 'gzip, deflate',
  'accept-language' => 'zh-CN,zh;q=0.9',
  'cookie' => 'thinkphp_show_page_trace=0|0; bdshare_firstime=1526123551445; PHPSESSID=f9dlkp7vkeh721cnism929l3a0',
)
[ info ] [ PARAM ] array (
)
[ info ] [ SESSION ] INIT array (
  'id' => '',
  'var_session_id' => '',
  'prefix' => 'think',
  'type' => '',
  'auto_start' => true,
  'expire' => 518400,
)
[ info ] [ RUN ] app\pyadminurl\controller\Index->index[ D:\wamp64\www\think\application\pyadminurl\controller\Index.php ]
[ info ] [ DB ] INIT mysql
[ info ] [ VIEW ] D:\wamp64\www\think\public/../application/pyadminurl\view\index\index.html [ array (
  0 => 'nav_data',
) ]
[ info ] [ LOG ] INIT File
[ sql ] [ DB ] CONNECT:[ UseTime:0.010649s ] mysql:host=127.0.0.1;port=3306;dbname=blog;charset=utf8
[ sql ] [ SQL ] SHOW COLUMNS FROM `blog_navs` [ RunTime:0.000929s ]
[ sql ] [ SQL ] SELECT * FROM `blog_navs` [ RunTime:0.000421s ]
[ error ] [8]未定义数组索引: ico[D:\wamp64\www\think\runtime\temp\53db235a9d92eda9be68f533fec7e6c4.php:146]
[ error ] [8]未定义数组索引: name[D:\wamp64\www\think\runtime\temp\53db235a9d92eda9be68f533fec7e6c4.php:146]
[ error ] [8]未定义数组索引: _data[D:\wamp64\www\think\runtime\temp\53db235a9d92eda9be68f533fec7e6c4.php:147]
[ error ] [8]未定义数组索引: _data[D:\wamp64\www\think\runtime\temp\53db235a9d92eda9be68f533fec7e6c4.php:147]
[ error ] [8]未定义数组索引: _data[D:\wamp64\www\think\runtime\temp\53db235a9d92eda9be68f533fec7e6c4.php:147]
[ error ] [8]未定义数组索引: ico[D:\wamp64\www\think\runtime\temp\53db235a9d92eda9be68f533fec7e6c4.php:146]
[ error ] [8]未定义数组索引: name[D:\wamp64\www\think\runtime\temp\53db235a9d92eda9be68f533fec7e6c4.php:146]
[ error ] [8]未定义数组索引: _data[D:\wamp64\www\think\runtime\temp\53db235a9d92eda9be68f533fec7e6c4.php:147]
[ error ] [8]未定义数组索引: _data[D:\wamp64\www\think\runtime\temp\53db235a9d92eda9be68f533fec7e6c4.php:147]
[ error ] [8]未定义数组索引: _data[D:\wamp64\www\think\runtime\temp\53db235a9d92eda9be68f533fec7e6c4.php:147]
[ error ] [8]未定义数组索引: ico[D:\wamp64\www\think\runtime\temp\53db235a9d92eda9be68f533fec7e6c4.php:146]
[ error ] [8]未定义数组索引: name[D:\wamp64\www\think\runtime\temp\53db235a9d92eda9be68f533fec7e6c4.php:146]
[ error ] [8]未定义数组索引: _data[D:\wamp64\www\think\runtime\temp\53db235a9d92eda9be68f533fec7e6c4.php:147]
[ error ] [8]未定义数组索引: _data[D:\wamp64\www\think\runtime\temp\53db235a9d92eda9be68f533fec7e6c4.php:147]
[ error ] [8]未定义数组索引: _data[D:\wamp64\www\think\runtime\temp\53db235a9d92eda9be68f533fec7e6c4.php:147]
[ error ] [8]未定义数组索引: ico[D:\wamp64\www\think\runtime\temp\53db235a9d92eda9be68f533fec7e6c4.php:146]
[ error ] [8]未定义数组索引: name[D:\wamp64\www\think\runtime\temp\53db235a9d92eda9be68f533fec7e6c4.php:146]
[ error ] [8]未定义数组索引: _data[D:\wamp64\www\think\runtime\temp\53db235a9d92eda9be68f533fec7e6c4.php:147]
[ error ] [8]未定义数组索引: _data[D:\wamp64\www\think\runtime\temp\53db235a9d92eda9be68f533fec7e6c4.php:147]
[ error ] [8]未定义数组索引: _data[D:\wamp64\www\think\runtime\temp\53db235a9d92eda9be68f533fec7e6c4.php:147]
[ error ] [8]未定义数组索引: ico[D:\wamp64\www\think\runtime\temp\53db235a9d92eda9be68f533fec7e6c4.php:146]
[ error ] [8]未定义数组索引: name[D:\wamp64\www\think\runtime\temp\53db235a9d92eda9be68f533fec7e6c4.php:146]
[ error ] [8]未定义数组索引: _data[D:\wamp64\www\think\runtime\temp\53db235a9d92eda9be68f533fec7e6c4.php:147]
[ error ] [8]未定义数组索引: _data[D:\wamp64\www\think\runtime\temp\53db235a9d92eda9be68f533fec7e6c4.php:147]
[ error ] [8]未定义数组索引: _data[D:\wamp64\www\think\runtime\temp\53db235a9d92eda9be68f533fec7e6c4.php:147]
[ error ] [8]未定义数组索引: ico[D:\wamp64\www\think\runtime\temp\53db235a9d92eda9be68f533fec7e6c4.php:146]
[ error ] [8]未定义数组索引: name[D:\wamp64\www\think\runtime\temp\53db235a9d92eda9be68f533fec7e6c4.php:146]
[ error ] [8]未定义数组索引: _data[D:\wamp64\www\think\runtime\temp\53db235a9d92eda9be68f533fec7e6c4.php:147]
[ error ] [8]未定义数组索引: _data[D:\wamp64\www\think\runtime\temp\53db235a9d92eda9be68f533fec7e6c4.php:147]
[ error ] [8]未定义数组索引: _data[D:\wamp64\www\think\runtime\temp\53db235a9d92eda9be68f533fec7e6c4.php:147]
[ error ] [8]未定义数组索引: ico[D:\wamp64\www\think\runtime\temp\53db235a9d92eda9be68f533fec7e6c4.php:146]
[ error ] [8]未定义数组索引: name[D:\wamp64\www\think\runtime\temp\53db235a9d92eda9be68f533fec7e6c4.php:146]
[ error ] [8]未定义数组索引: _data[D:\wamp64\www\think\runtime\temp\53db235a9d92eda9be68f533fec7e6c4.php:147]
[ error ] [8]未定义数组索引: _data[D:\wamp64\www\think\runtime\temp\53db235a9d92eda9be68f533fec7e6c4.php:147]
[ error ] [8]未定义数组索引: _data[D:\wamp64\www\think\runtime\temp\53db235a9d92eda9be68f533fec7e6c4.php:147]
---------------------------------------------------------------
[ 2018-05-14T01:10:57+08:00 ] 127.0.0.1 127.0.0.1 GET /admin/index/member/.html
[ info ] gkkblog.com/admin/index/member/.html [运行时间：0.125860s][吞吐率：7.95req/s] [内存消耗：5,223.45kb] [文件加载：58]
[ info ] [ LANG ] D:\wamp64\www\think\thinkphp\lang\zh-cn.php
[ info ] [ ROUTE ] array (
  'type' => 'module',
  'module' => 
  array (
    0 => 'pyadminurl',
    1 => 'index',
    2 => 'member',
  ),
  'convert' => false,
)
[ info ] [ HEADER ] array (
  'host' => 'gkkblog.com',
  'connection' => 'keep-alive',
  'accept' => 'application/json, text/javascript, */*; q=0.01',
  'x-requested-with' => 'XMLHttpRequest',
  'user-agent' => 'Mozilla/5.0 (Windows NT 10.0; Win64; x64) AppleWebKit/537.36 (KHTML, like Gecko) Chrome/66.0.3359.139 Safari/537.36',
  'referer' => 'http://gkkblog.com/admin/index/',
  'accept-encoding' => 'gzip, deflate',
  'accept-language' => 'zh-CN,zh;q=0.9',
  'cookie' => 'thinkphp_show_page_trace=0|0; bdshare_firstime=1526123551445; PHPSESSID=f9dlkp7vkeh721cnism929l3a0',
)
[ info ] [ PARAM ] array (
)
[ info ] [ SESSION ] INIT array (
  'id' => '',
  'var_session_id' => '',
  'prefix' => 'think',
  'type' => '',
  'auto_start' => true,
  'expire' => 518400,
)
[ info ] [ RUN ] app\pyadminurl\controller\Index->member[ D:\wamp64\www\think\application\pyadminurl\controller\Index.php ]
[ info ] [ DB ] INIT mysql
[ info ] [ LOG ] INIT File
[ sql ] [ DB ] CONNECT:[ UseTime:0.004228s ] mysql:host=127.0.0.1;port=3306;dbname=blog;charset=utf8
[ sql ] [ SQL ] SHOW COLUMNS FROM `blog_user` [ RunTime:0.000881s ]
[ sql ] [ SQL ] SELECT * FROM `blog_user` [ RunTime:0.000364s ]
[ sql ] [ SQL ] SELECT * FROM `blog_user` [ RunTime:0.000354s ]
[ sql ] [ SQL ] SELECT * FROM `blog_user` [ RunTime:0.000326s ]
[ sql ] [ SQL ] SELECT * FROM `blog_user` [ RunTime:0.000343s ]
[ sql ] [ SQL ] SELECT * FROM `blog_user` [ RunTime:0.000340s ]
[ sql ] [ SQL ] SELECT * FROM `blog_user` [ RunTime:0.000312s ]
[ sql ] [ SQL ] SELECT * FROM `blog_user` [ RunTime:0.000280s ]
[ sql ] [ SQL ] SELECT * FROM `blog_user` [ RunTime:0.000615s ]
[ sql ] [ SQL ] SELECT * FROM `blog_user` [ RunTime:0.000439s ]
[ sql ] [ SQL ] SELECT * FROM `blog_user` [ RunTime:0.000344s ]
[ sql ] [ SQL ] SELECT * FROM `blog_user` [ RunTime:0.000288s ]
[ sql ] [ SQL ] SELECT * FROM `blog_user` [ RunTime:0.000245s ]
---------------------------------------------------------------
[ 2018-05-14T01:10:59+08:00 ] 127.0.0.1 127.0.0.1 GET /admin/nav/.html?_=1526231459501
[ info ] gkkblog.com/admin/nav/.html?_=1526231459501 [运行时间：0.086011s][吞吐率：11.63req/s] [内存消耗：5,627.79kb] [文件加载：65]
[ info ] [ LANG ] D:\wamp64\www\think\thinkphp\lang\zh-cn.php
[ info ] [ ROUTE ] array (
  'type' => 'module',
  'module' => 
  array (
    0 => 'pyadminurl',
    1 => 'nav',
    2 => 'index',
  ),
  'convert' => false,
)
[ info ] [ HEADER ] array (
  'host' => 'gkkblog.com',
  'connection' => 'keep-alive',
  'accept' => 'text/html, */*; q=0.01',
  'x-requested-with' => 'XMLHttpRequest',
  'user-agent' => 'Mozilla/5.0 (Windows NT 10.0; Win64; x64) AppleWebKit/537.36 (KHTML, like Gecko) Chrome/66.0.3359.139 Safari/537.36',
  'referer' => 'http://gkkblog.com/admin/index/',
  'accept-encoding' => 'gzip, deflate',
  'accept-language' => 'zh-CN,zh;q=0.9',
  'cookie' => 'bdshare_firstime=1526123551445; PHPSESSID=f9dlkp7vkeh721cnism929l3a0',
)
[ info ] [ PARAM ] array (
  '_' => '1526231459501',
)
[ info ] [ SESSION ] INIT array (
  'id' => '',
  'var_session_id' => '',
  'prefix' => 'think',
  'type' => '',
  'auto_start' => true,
  'expire' => 518400,
)
[ info ] [ DB ] INIT mysql
[ info ] [ RUN ] app\pyadminurl\controller\Nav->index[ D:\wamp64\www\think\application\pyadminurl\controller\Nav.php ]
[ info ] [ VIEW ] D:\wamp64\www\think\public/../application/pyadminurl\view\nav\index.html [ array (
  0 => 'data',
) ]
[ info ] [ LOG ] INIT File
[ sql ] [ DB ] CONNECT:[ UseTime:0.004172s ] mysql:host=127.0.0.1;port=3306;dbname=blog;charset=utf8
[ sql ] [ SQL ] SHOW COLUMNS FROM `blog_navs` [ RunTime:0.001496s ]
[ sql ] [ SQL ] SELECT * FROM `blog_navs` [ RunTime:0.001025s ]
[ error ] [8]未定义数组索引: id[D:\wamp64\www\think\runtime\temp\a7f4cafc8dffea1ab1360a6fa45b23a8.php:40]
[ error ] [8]未定义数组索引: sort[D:\wamp64\www\think\runtime\temp\a7f4cafc8dffea1ab1360a6fa45b23a8.php:40]
[ error ] [8]未定义数组索引: _name[D:\wamp64\www\think\runtime\temp\a7f4cafc8dffea1ab1360a6fa45b23a8.php:42]
[ error ] [8]未定义数组索引: mca[D:\wamp64\www\think\runtime\temp\a7f4cafc8dffea1ab1360a6fa45b23a8.php:43]
[ error ] [8]未定义数组索引: ico[D:\wamp64\www\think\runtime\temp\a7f4cafc8dffea1ab1360a6fa45b23a8.php:44]
[ error ] [8]未定义数组索引: id[D:\wamp64\www\think\runtime\temp\a7f4cafc8dffea1ab1360a6fa45b23a8.php:46]
[ error ] [8]未定义数组索引: id[D:\wamp64\www\think\runtime\temp\a7f4cafc8dffea1ab1360a6fa45b23a8.php:54]
[ error ] [8]未定义数组索引: id[D:\wamp64\www\think\runtime\temp\a7f4cafc8dffea1ab1360a6fa45b23a8.php:63]
[ error ] [8]未定义数组索引: id[D:\wamp64\www\think\runtime\temp\a7f4cafc8dffea1ab1360a6fa45b23a8.php:40]
[ error ] [8]未定义数组索引: sort[D:\wamp64\www\think\runtime\temp\a7f4cafc8dffea1ab1360a6fa45b23a8.php:40]
[ error ] [8]未定义数组索引: _name[D:\wamp64\www\think\runtime\temp\a7f4cafc8dffea1ab1360a6fa45b23a8.php:42]
[ error ] [8]未定义数组索引: mca[D:\wamp64\www\think\runtime\temp\a7f4cafc8dffea1ab1360a6fa45b23a8.php:43]
[ error ] [8]未定义数组索引: ico[D:\wamp64\www\think\runtime\temp\a7f4cafc8dffea1ab1360a6fa45b23a8.php:44]
[ error ] [8]未定义数组索引: id[D:\wamp64\www\think\runtime\temp\a7f4cafc8dffea1ab1360a6fa45b23a8.php:46]
[ error ] [8]未定义数组索引: id[D:\wamp64\www\think\runtime\temp\a7f4cafc8dffea1ab1360a6fa45b23a8.php:54]
[ error ] [8]未定义数组索引: id[D:\wamp64\www\think\runtime\temp\a7f4cafc8dffea1ab1360a6fa45b23a8.php:63]
[ error ] [8]未定义数组索引: id[D:\wamp64\www\think\runtime\temp\a7f4cafc8dffea1ab1360a6fa45b23a8.php:40]
[ error ] [8]未定义数组索引: sort[D:\wamp64\www\think\runtime\temp\a7f4cafc8dffea1ab1360a6fa45b23a8.php:40]
[ error ] [8]未定义数组索引: _name[D:\wamp64\www\think\runtime\temp\a7f4cafc8dffea1ab1360a6fa45b23a8.php:42]
[ error ] [8]未定义数组索引: mca[D:\wamp64\www\think\runtime\temp\a7f4cafc8dffea1ab1360a6fa45b23a8.php:43]
[ error ] [8]未定义数组索引: ico[D:\wamp64\www\think\runtime\temp\a7f4cafc8dffea1ab1360a6fa45b23a8.php:44]
[ error ] [8]未定义数组索引: id[D:\wamp64\www\think\runtime\temp\a7f4cafc8dffea1ab1360a6fa45b23a8.php:46]
[ error ] [8]未定义数组索引: id[D:\wamp64\www\think\runtime\temp\a7f4cafc8dffea1ab1360a6fa45b23a8.php:54]
[ error ] [8]未定义数组索引: id[D:\wamp64\www\think\runtime\temp\a7f4cafc8dffea1ab1360a6fa45b23a8.php:63]
[ error ] [8]未定义数组索引: id[D:\wamp64\www\think\runtime\temp\a7f4cafc8dffea1ab1360a6fa45b23a8.php:40]
[ error ] [8]未定义数组索引: sort[D:\wamp64\www\think\runtime\temp\a7f4cafc8dffea1ab1360a6fa45b23a8.php:40]
[ error ] [8]未定义数组索引: _name[D:\wamp64\www\think\runtime\temp\a7f4cafc8dffea1ab1360a6fa45b23a8.php:42]
[ error ] [8]未定义数组索引: mca[D:\wamp64\www\think\runtime\temp\a7f4cafc8dffea1ab1360a6fa45b23a8.php:43]
[ error ] [8]未定义数组索引: ico[D:\wamp64\www\think\runtime\temp\a7f4cafc8dffea1ab1360a6fa45b23a8.php:44]
[ error ] [8]未定义数组索引: id[D:\wamp64\www\think\runtime\temp\a7f4cafc8dffea1ab1360a6fa45b23a8.php:46]
[ error ] [8]未定义数组索引: id[D:\wamp64\www\think\runtime\temp\a7f4cafc8dffea1ab1360a6fa45b23a8.php:54]
[ error ] [8]未定义数组索引: id[D:\wamp64\www\think\runtime\temp\a7f4cafc8dffea1ab1360a6fa45b23a8.php:63]
[ error ] [8]未定义数组索引: id[D:\wamp64\www\think\runtime\temp\a7f4cafc8dffea1ab1360a6fa45b23a8.php:40]
[ error ] [8]未定义数组索引: sort[D:\wamp64\www\think\runtime\temp\a7f4cafc8dffea1ab1360a6fa45b23a8.php:40]
[ error ] [8]未定义数组索引: _name[D:\wamp64\www\think\runtime\temp\a7f4cafc8dffea1ab1360a6fa45b23a8.php:42]
[ error ] [8]未定义数组索引: mca[D:\wamp64\www\think\runtime\temp\a7f4cafc8dffea1ab1360a6fa45b23a8.php:43]
[ error ] [8]未定义数组索引: ico[D:\wamp64\www\think\runtime\temp\a7f4cafc8dffea1ab1360a6fa45b23a8.php:44]
[ error ] [8]未定义数组索引: id[D:\wamp64\www\think\runtime\temp\a7f4cafc8dffea1ab1360a6fa45b23a8.php:46]
[ error ] [8]未定义数组索引: id[D:\wamp64\www\think\runtime\temp\a7f4cafc8dffea1ab1360a6fa45b23a8.php:54]
[ error ] [8]未定义数组索引: id[D:\wamp64\www\think\runtime\temp\a7f4cafc8dffea1ab1360a6fa45b23a8.php:63]
[ error ] [8]未定义数组索引: id[D:\wamp64\www\think\runtime\temp\a7f4cafc8dffea1ab1360a6fa45b23a8.php:40]
[ error ] [8]未定义数组索引: sort[D:\wamp64\www\think\runtime\temp\a7f4cafc8dffea1ab1360a6fa45b23a8.php:40]
[ error ] [8]未定义数组索引: _name[D:\wamp64\www\think\runtime\temp\a7f4cafc8dffea1ab1360a6fa45b23a8.php:42]
[ error ] [8]未定义数组索引: mca[D:\wamp64\www\think\runtime\temp\a7f4cafc8dffea1ab1360a6fa45b23a8.php:43]
[ error ] [8]未定义数组索引: ico[D:\wamp64\www\think\runtime\temp\a7f4cafc8dffea1ab1360a6fa45b23a8.php:44]
[ error ] [8]未定义数组索引: id[D:\wamp64\www\think\runtime\temp\a7f4cafc8dffea1ab1360a6fa45b23a8.php:46]
[ error ] [8]未定义数组索引: id[D:\wamp64\www\think\runtime\temp\a7f4cafc8dffea1ab1360a6fa45b23a8.php:54]
[ error ] [8]未定义数组索引: id[D:\wamp64\www\think\runtime\temp\a7f4cafc8dffea1ab1360a6fa45b23a8.php:63]
[ error ] [8]未定义数组索引: id[D:\wamp64\www\think\runtime\temp\a7f4cafc8dffea1ab1360a6fa45b23a8.php:40]
[ error ] [8]未定义数组索引: sort[D:\wamp64\www\think\runtime\temp\a7f4cafc8dffea1ab1360a6fa45b23a8.php:40]
[ error ] [8]未定义数组索引: _name[D:\wamp64\www\think\runtime\temp\a7f4cafc8dffea1ab1360a6fa45b23a8.php:42]
[ error ] [8]未定义数组索引: mca[D:\wamp64\www\think\runtime\temp\a7f4cafc8dffea1ab1360a6fa45b23a8.php:43]
[ error ] [8]未定义数组索引: ico[D:\wamp64\www\think\runtime\temp\a7f4cafc8dffea1ab1360a6fa45b23a8.php:44]
[ error ] [8]未定义数组索引: id[D:\wamp64\www\think\runtime\temp\a7f4cafc8dffea1ab1360a6fa45b23a8.php:46]
[ error ] [8]未定义数组索引: id[D:\wamp64\www\think\runtime\temp\a7f4cafc8dffea1ab1360a6fa45b23a8.php:54]
[ error ] [8]未定义数组索引: id[D:\wamp64\www\think\runtime\temp\a7f4cafc8dffea1ab1360a6fa45b23a8.php:63]
---------------------------------------------------------------
[ 2018-05-14T01:12:14+08:00 ] 127.0.0.1 127.0.0.1 GET /admin/index/
[ info ] gkkblog.com/admin/index/ [运行时间：0.076850s][吞吐率：13.01req/s] [内存消耗：5,500.13kb] [文件加载：65]
[ info ] [ LANG ] D:\wamp64\www\think\thinkphp\lang\zh-cn.php
[ info ] [ ROUTE ] array (
  'type' => 'module',
  'module' => 
  array (
    0 => 'pyadminurl',
    1 => 'index',
    2 => 'index',
  ),
  'convert' => false,
)
[ info ] [ HEADER ] array (
  'host' => 'gkkblog.com',
  'connection' => 'keep-alive',
  'cache-control' => 'max-age=0',
  'upgrade-insecure-requests' => '1',
  'user-agent' => 'Mozilla/5.0 (Windows NT 10.0; Win64; x64) AppleWebKit/537.36 (KHTML, like Gecko) Chrome/66.0.3359.139 Safari/537.36',
  'accept' => 'text/html,application/xhtml+xml,application/xml;q=0.9,image/webp,image/apng,*/*;q=0.8',
  'accept-encoding' => 'gzip, deflate',
  'accept-language' => 'zh-CN,zh;q=0.9',
  'cookie' => 'thinkphp_show_page_trace=0|0; bdshare_firstime=1526123551445; PHPSESSID=f9dlkp7vkeh721cnism929l3a0',
)
[ info ] [ PARAM ] array (
)
[ info ] [ SESSION ] INIT array (
  'id' => '',
  'var_session_id' => '',
  'prefix' => 'think',
  'type' => '',
  'auto_start' => true,
  'expire' => 518400,
)
[ info ] [ RUN ] app\pyadminurl\controller\Index->index[ D:\wamp64\www\think\application\pyadminurl\controller\Index.php ]
[ info ] [ DB ] INIT mysql
[ info ] [ VIEW ] D:\wamp64\www\think\public/../application/pyadminurl\view\index\index.html [ array (
  0 => 'nav_data',
) ]
[ info ] [ LOG ] INIT File
[ sql ] [ DB ] CONNECT:[ UseTime:0.010154s ] mysql:host=127.0.0.1;port=3306;dbname=blog;charset=utf8
[ sql ] [ SQL ] SHOW COLUMNS FROM `blog_navs` [ RunTime:0.001009s ]
[ sql ] [ SQL ] SELECT * FROM `blog_navs` [ RunTime:0.000382s ]
[ error ] [8]未定义数组索引: ico[D:\wamp64\www\think\runtime\temp\53db235a9d92eda9be68f533fec7e6c4.php:146]
[ error ] [8]未定义数组索引: name[D:\wamp64\www\think\runtime\temp\53db235a9d92eda9be68f533fec7e6c4.php:146]
[ error ] [8]未定义数组索引: _data[D:\wamp64\www\think\runtime\temp\53db235a9d92eda9be68f533fec7e6c4.php:147]
[ error ] [8]未定义数组索引: _data[D:\wamp64\www\think\runtime\temp\53db235a9d92eda9be68f533fec7e6c4.php:147]
[ error ] [8]未定义数组索引: _data[D:\wamp64\www\think\runtime\temp\53db235a9d92eda9be68f533fec7e6c4.php:147]
[ error ] [8]未定义数组索引: ico[D:\wamp64\www\think\runtime\temp\53db235a9d92eda9be68f533fec7e6c4.php:146]
[ error ] [8]未定义数组索引: name[D:\wamp64\www\think\runtime\temp\53db235a9d92eda9be68f533fec7e6c4.php:146]
[ error ] [8]未定义数组索引: _data[D:\wamp64\www\think\runtime\temp\53db235a9d92eda9be68f533fec7e6c4.php:147]
[ error ] [8]未定义数组索引: _data[D:\wamp64\www\think\runtime\temp\53db235a9d92eda9be68f533fec7e6c4.php:147]
[ error ] [8]未定义数组索引: _data[D:\wamp64\www\think\runtime\temp\53db235a9d92eda9be68f533fec7e6c4.php:147]
[ error ] [8]未定义数组索引: ico[D:\wamp64\www\think\runtime\temp\53db235a9d92eda9be68f533fec7e6c4.php:146]
[ error ] [8]未定义数组索引: name[D:\wamp64\www\think\runtime\temp\53db235a9d92eda9be68f533fec7e6c4.php:146]
[ error ] [8]未定义数组索引: _data[D:\wamp64\www\think\runtime\temp\53db235a9d92eda9be68f533fec7e6c4.php:147]
[ error ] [8]未定义数组索引: _data[D:\wamp64\www\think\runtime\temp\53db235a9d92eda9be68f533fec7e6c4.php:147]
[ error ] [8]未定义数组索引: _data[D:\wamp64\www\think\runtime\temp\53db235a9d92eda9be68f533fec7e6c4.php:147]
[ error ] [8]未定义数组索引: ico[D:\wamp64\www\think\runtime\temp\53db235a9d92eda9be68f533fec7e6c4.php:146]
[ error ] [8]未定义数组索引: name[D:\wamp64\www\think\runtime\temp\53db235a9d92eda9be68f533fec7e6c4.php:146]
[ error ] [8]未定义数组索引: _data[D:\wamp64\www\think\runtime\temp\53db235a9d92eda9be68f533fec7e6c4.php:147]
[ error ] [8]未定义数组索引: _data[D:\wamp64\www\think\runtime\temp\53db235a9d92eda9be68f533fec7e6c4.php:147]
[ error ] [8]未定义数组索引: _data[D:\wamp64\www\think\runtime\temp\53db235a9d92eda9be68f533fec7e6c4.php:147]
[ error ] [8]未定义数组索引: ico[D:\wamp64\www\think\runtime\temp\53db235a9d92eda9be68f533fec7e6c4.php:146]
[ error ] [8]未定义数组索引: name[D:\wamp64\www\think\runtime\temp\53db235a9d92eda9be68f533fec7e6c4.php:146]
[ error ] [8]未定义数组索引: _data[D:\wamp64\www\think\runtime\temp\53db235a9d92eda9be68f533fec7e6c4.php:147]
[ error ] [8]未定义数组索引: _data[D:\wamp64\www\think\runtime\temp\53db235a9d92eda9be68f533fec7e6c4.php:147]
[ error ] [8]未定义数组索引: _data[D:\wamp64\www\think\runtime\temp\53db235a9d92eda9be68f533fec7e6c4.php:147]
[ error ] [8]未定义数组索引: ico[D:\wamp64\www\think\runtime\temp\53db235a9d92eda9be68f533fec7e6c4.php:146]
[ error ] [8]未定义数组索引: name[D:\wamp64\www\think\runtime\temp\53db235a9d92eda9be68f533fec7e6c4.php:146]
[ error ] [8]未定义数组索引: _data[D:\wamp64\www\think\runtime\temp\53db235a9d92eda9be68f533fec7e6c4.php:147]
[ error ] [8]未定义数组索引: _data[D:\wamp64\www\think\runtime\temp\53db235a9d92eda9be68f533fec7e6c4.php:147]
[ error ] [8]未定义数组索引: _data[D:\wamp64\www\think\runtime\temp\53db235a9d92eda9be68f533fec7e6c4.php:147]
[ error ] [8]未定义数组索引: ico[D:\wamp64\www\think\runtime\temp\53db235a9d92eda9be68f533fec7e6c4.php:146]
[ error ] [8]未定义数组索引: name[D:\wamp64\www\think\runtime\temp\53db235a9d92eda9be68f533fec7e6c4.php:146]
[ error ] [8]未定义数组索引: _data[D:\wamp64\www\think\runtime\temp\53db235a9d92eda9be68f533fec7e6c4.php:147]
[ error ] [8]未定义数组索引: _data[D:\wamp64\www\think\runtime\temp\53db235a9d92eda9be68f533fec7e6c4.php:147]
[ error ] [8]未定义数组索引: _data[D:\wamp64\www\think\runtime\temp\53db235a9d92eda9be68f533fec7e6c4.php:147]
---------------------------------------------------------------
[ 2018-05-14T01:12:15+08:00 ] 127.0.0.1 127.0.0.1 GET /admin/index/member/.html
[ info ] gkkblog.com/admin/index/member/.html [运行时间：0.108877s][吞吐率：9.18req/s] [内存消耗：5,223.45kb] [文件加载：58]
[ info ] [ LANG ] D:\wamp64\www\think\thinkphp\lang\zh-cn.php
[ info ] [ ROUTE ] array (
  'type' => 'module',
  'module' => 
  array (
    0 => 'pyadminurl',
    1 => 'index',
    2 => 'member',
  ),
  'convert' => false,
)
[ info ] [ HEADER ] array (
  'host' => 'gkkblog.com',
  'connection' => 'keep-alive',
  'accept' => 'application/json, text/javascript, */*; q=0.01',
  'x-requested-with' => 'XMLHttpRequest',
  'user-agent' => 'Mozilla/5.0 (Windows NT 10.0; Win64; x64) AppleWebKit/537.36 (KHTML, like Gecko) Chrome/66.0.3359.139 Safari/537.36',
  'referer' => 'http://gkkblog.com/admin/index/',
  'accept-encoding' => 'gzip, deflate',
  'accept-language' => 'zh-CN,zh;q=0.9',
  'cookie' => 'thinkphp_show_page_trace=0|0; bdshare_firstime=1526123551445; PHPSESSID=f9dlkp7vkeh721cnism929l3a0',
)
[ info ] [ PARAM ] array (
)
[ info ] [ SESSION ] INIT array (
  'id' => '',
  'var_session_id' => '',
  'prefix' => 'think',
  'type' => '',
  'auto_start' => true,
  'expire' => 518400,
)
[ info ] [ RUN ] app\pyadminurl\controller\Index->member[ D:\wamp64\www\think\application\pyadminurl\controller\Index.php ]
[ info ] [ DB ] INIT mysql
[ info ] [ LOG ] INIT File
[ sql ] [ DB ] CONNECT:[ UseTime:0.004530s ] mysql:host=127.0.0.1;port=3306;dbname=blog;charset=utf8
[ sql ] [ SQL ] SHOW COLUMNS FROM `blog_user` [ RunTime:0.001755s ]
[ sql ] [ SQL ] SELECT * FROM `blog_user` [ RunTime:0.000313s ]
[ sql ] [ SQL ] SELECT * FROM `blog_user` [ RunTime:0.000259s ]
[ sql ] [ SQL ] SELECT * FROM `blog_user` [ RunTime:0.000242s ]
[ sql ] [ SQL ] SELECT * FROM `blog_user` [ RunTime:0.000243s ]
[ sql ] [ SQL ] SELECT * FROM `blog_user` [ RunTime:0.000239s ]
[ sql ] [ SQL ] SELECT * FROM `blog_user` [ RunTime:0.000249s ]
[ sql ] [ SQL ] SELECT * FROM `blog_user` [ RunTime:0.000240s ]
[ sql ] [ SQL ] SELECT * FROM `blog_user` [ RunTime:0.000238s ]
[ sql ] [ SQL ] SELECT * FROM `blog_user` [ RunTime:0.000249s ]
[ sql ] [ SQL ] SELECT * FROM `blog_user` [ RunTime:0.000241s ]
[ sql ] [ SQL ] SELECT * FROM `blog_user` [ RunTime:0.000247s ]
[ sql ] [ SQL ] SELECT * FROM `blog_user` [ RunTime:0.000724s ]
---------------------------------------------------------------
[ 2018-05-14T01:12:16+08:00 ] 127.0.0.1 127.0.0.1 GET /admin/nav/.html?_=1526231536390
[ info ] gkkblog.com/admin/nav/.html?_=1526231536390 [运行时间：0.078056s][吞吐率：12.81req/s] [内存消耗：5,617.84kb] [文件加载：65]
[ info ] [ LANG ] D:\wamp64\www\think\thinkphp\lang\zh-cn.php
[ info ] [ ROUTE ] array (
  'type' => 'module',
  'module' => 
  array (
    0 => 'pyadminurl',
    1 => 'nav',
    2 => 'index',
  ),
  'convert' => false,
)
[ info ] [ HEADER ] array (
  'host' => 'gkkblog.com',
  'connection' => 'keep-alive',
  'accept' => 'text/html, */*; q=0.01',
  'x-requested-with' => 'XMLHttpRequest',
  'user-agent' => 'Mozilla/5.0 (Windows NT 10.0; Win64; x64) AppleWebKit/537.36 (KHTML, like Gecko) Chrome/66.0.3359.139 Safari/537.36',
  'referer' => 'http://gkkblog.com/admin/index/',
  'accept-encoding' => 'gzip, deflate',
  'accept-language' => 'zh-CN,zh;q=0.9',
  'cookie' => 'bdshare_firstime=1526123551445; PHPSESSID=f9dlkp7vkeh721cnism929l3a0',
)
[ info ] [ PARAM ] array (
  '_' => '1526231536390',
)
[ info ] [ SESSION ] INIT array (
  'id' => '',
  'var_session_id' => '',
  'prefix' => 'think',
  'type' => '',
  'auto_start' => true,
  'expire' => 518400,
)
[ info ] [ DB ] INIT mysql
[ info ] [ RUN ] app\pyadminurl\controller\Nav->index[ D:\wamp64\www\think\application\pyadminurl\controller\Nav.php ]
[ info ] [ VIEW ] D:\wamp64\www\think\public/../application/pyadminurl\view\nav\index.html [ array (
  0 => 'data',
) ]
[ info ] [ LOG ] INIT File
[ sql ] [ DB ] CONNECT:[ UseTime:0.001252s ] mysql:host=127.0.0.1;port=3306;dbname=blog;charset=utf8
[ sql ] [ SQL ] SHOW COLUMNS FROM `blog_navs` [ RunTime:0.000958s ]
[ sql ] [ SQL ] SELECT * FROM `blog_navs` [ RunTime:0.000403s ]
[ error ] [8]未定义数组索引: mca[D:\wamp64\www\think\runtime\temp\a7f4cafc8dffea1ab1360a6fa45b23a8.php:43]
[ error ] [8]未定义数组索引: ico[D:\wamp64\www\think\runtime\temp\a7f4cafc8dffea1ab1360a6fa45b23a8.php:44]
[ error ] [8]未定义数组索引: id[D:\wamp64\www\think\runtime\temp\a7f4cafc8dffea1ab1360a6fa45b23a8.php:46]
[ error ] [8]未定义数组索引: id[D:\wamp64\www\think\runtime\temp\a7f4cafc8dffea1ab1360a6fa45b23a8.php:54]
[ error ] [8]未定义数组索引: id[D:\wamp64\www\think\runtime\temp\a7f4cafc8dffea1ab1360a6fa45b23a8.php:63]
[ error ] [8]未定义数组索引: mca[D:\wamp64\www\think\runtime\temp\a7f4cafc8dffea1ab1360a6fa45b23a8.php:43]
[ error ] [8]未定义数组索引: ico[D:\wamp64\www\think\runtime\temp\a7f4cafc8dffea1ab1360a6fa45b23a8.php:44]
[ error ] [8]未定义数组索引: id[D:\wamp64\www\think\runtime\temp\a7f4cafc8dffea1ab1360a6fa45b23a8.php:46]
[ error ] [8]未定义数组索引: id[D:\wamp64\www\think\runtime\temp\a7f4cafc8dffea1ab1360a6fa45b23a8.php:54]
[ error ] [8]未定义数组索引: id[D:\wamp64\www\think\runtime\temp\a7f4cafc8dffea1ab1360a6fa45b23a8.php:63]
[ error ] [8]未定义数组索引: mca[D:\wamp64\www\think\runtime\temp\a7f4cafc8dffea1ab1360a6fa45b23a8.php:43]
[ error ] [8]未定义数组索引: ico[D:\wamp64\www\think\runtime\temp\a7f4cafc8dffea1ab1360a6fa45b23a8.php:44]
[ error ] [8]未定义数组索引: id[D:\wamp64\www\think\runtime\temp\a7f4cafc8dffea1ab1360a6fa45b23a8.php:46]
[ error ] [8]未定义数组索引: id[D:\wamp64\www\think\runtime\temp\a7f4cafc8dffea1ab1360a6fa45b23a8.php:54]
[ error ] [8]未定义数组索引: id[D:\wamp64\www\think\runtime\temp\a7f4cafc8dffea1ab1360a6fa45b23a8.php:63]
[ error ] [8]未定义数组索引: mca[D:\wamp64\www\think\runtime\temp\a7f4cafc8dffea1ab1360a6fa45b23a8.php:43]
[ error ] [8]未定义数组索引: ico[D:\wamp64\www\think\runtime\temp\a7f4cafc8dffea1ab1360a6fa45b23a8.php:44]
[ error ] [8]未定义数组索引: id[D:\wamp64\www\think\runtime\temp\a7f4cafc8dffea1ab1360a6fa45b23a8.php:46]
[ error ] [8]未定义数组索引: id[D:\wamp64\www\think\runtime\temp\a7f4cafc8dffea1ab1360a6fa45b23a8.php:54]
[ error ] [8]未定义数组索引: id[D:\wamp64\www\think\runtime\temp\a7f4cafc8dffea1ab1360a6fa45b23a8.php:63]
[ error ] [8]未定义数组索引: mca[D:\wamp64\www\think\runtime\temp\a7f4cafc8dffea1ab1360a6fa45b23a8.php:43]
[ error ] [8]未定义数组索引: ico[D:\wamp64\www\think\runtime\temp\a7f4cafc8dffea1ab1360a6fa45b23a8.php:44]
[ error ] [8]未定义数组索引: id[D:\wamp64\www\think\runtime\temp\a7f4cafc8dffea1ab1360a6fa45b23a8.php:46]
[ error ] [8]未定义数组索引: id[D:\wamp64\www\think\runtime\temp\a7f4cafc8dffea1ab1360a6fa45b23a8.php:54]
[ error ] [8]未定义数组索引: id[D:\wamp64\www\think\runtime\temp\a7f4cafc8dffea1ab1360a6fa45b23a8.php:63]
[ error ] [8]未定义数组索引: mca[D:\wamp64\www\think\runtime\temp\a7f4cafc8dffea1ab1360a6fa45b23a8.php:43]
[ error ] [8]未定义数组索引: ico[D:\wamp64\www\think\runtime\temp\a7f4cafc8dffea1ab1360a6fa45b23a8.php:44]
[ error ] [8]未定义数组索引: id[D:\wamp64\www\think\runtime\temp\a7f4cafc8dffea1ab1360a6fa45b23a8.php:46]
[ error ] [8]未定义数组索引: id[D:\wamp64\www\think\runtime\temp\a7f4cafc8dffea1ab1360a6fa45b23a8.php:54]
[ error ] [8]未定义数组索引: id[D:\wamp64\www\think\runtime\temp\a7f4cafc8dffea1ab1360a6fa45b23a8.php:63]
[ error ] [8]未定义数组索引: mca[D:\wamp64\www\think\runtime\temp\a7f4cafc8dffea1ab1360a6fa45b23a8.php:43]
[ error ] [8]未定义数组索引: ico[D:\wamp64\www\think\runtime\temp\a7f4cafc8dffea1ab1360a6fa45b23a8.php:44]
[ error ] [8]未定义数组索引: id[D:\wamp64\www\think\runtime\temp\a7f4cafc8dffea1ab1360a6fa45b23a8.php:46]
[ error ] [8]未定义数组索引: id[D:\wamp64\www\think\runtime\temp\a7f4cafc8dffea1ab1360a6fa45b23a8.php:54]
[ error ] [8]未定义数组索引: id[D:\wamp64\www\think\runtime\temp\a7f4cafc8dffea1ab1360a6fa45b23a8.php:63]
---------------------------------------------------------------
[ 2018-05-14T01:12:43+08:00 ] 127.0.0.1 127.0.0.1 GET /admin/index/
[ info ] gkkblog.com/admin/index/ [运行时间：0.077683s][吞吐率：12.87req/s] [内存消耗：5,500.13kb] [文件加载：65]
[ info ] [ LANG ] D:\wamp64\www\think\thinkphp\lang\zh-cn.php
[ info ] [ ROUTE ] array (
  'type' => 'module',
  'module' => 
  array (
    0 => 'pyadminurl',
    1 => 'index',
    2 => 'index',
  ),
  'convert' => false,
)
[ info ] [ HEADER ] array (
  'host' => 'gkkblog.com',
  'connection' => 'keep-alive',
  'cache-control' => 'max-age=0',
  'upgrade-insecure-requests' => '1',
  'user-agent' => 'Mozilla/5.0 (Windows NT 10.0; Win64; x64) AppleWebKit/537.36 (KHTML, like Gecko) Chrome/66.0.3359.139 Safari/537.36',
  'accept' => 'text/html,application/xhtml+xml,application/xml;q=0.9,image/webp,image/apng,*/*;q=0.8',
  'accept-encoding' => 'gzip, deflate',
  'accept-language' => 'zh-CN,zh;q=0.9',
  'cookie' => 'thinkphp_show_page_trace=0|0; bdshare_firstime=1526123551445; PHPSESSID=f9dlkp7vkeh721cnism929l3a0',
)
[ info ] [ PARAM ] array (
)
[ info ] [ SESSION ] INIT array (
  'id' => '',
  'var_session_id' => '',
  'prefix' => 'think',
  'type' => '',
  'auto_start' => true,
  'expire' => 518400,
)
[ info ] [ RUN ] app\pyadminurl\controller\Index->index[ D:\wamp64\www\think\application\pyadminurl\controller\Index.php ]
[ info ] [ DB ] INIT mysql
[ info ] [ VIEW ] D:\wamp64\www\think\public/../application/pyadminurl\view\index\index.html [ array (
  0 => 'nav_data',
) ]
[ info ] [ LOG ] INIT File
[ sql ] [ DB ] CONNECT:[ UseTime:0.001097s ] mysql:host=127.0.0.1;port=3306;dbname=blog;charset=utf8
[ sql ] [ SQL ] SHOW COLUMNS FROM `blog_navs` [ RunTime:0.000743s ]
[ sql ] [ SQL ] SELECT * FROM `blog_navs` [ RunTime:0.000298s ]
[ error ] [8]未定义数组索引: ico[D:\wamp64\www\think\runtime\temp\53db235a9d92eda9be68f533fec7e6c4.php:146]
[ error ] [8]未定义数组索引: name[D:\wamp64\www\think\runtime\temp\53db235a9d92eda9be68f533fec7e6c4.php:146]
[ error ] [8]未定义数组索引: _data[D:\wamp64\www\think\runtime\temp\53db235a9d92eda9be68f533fec7e6c4.php:147]
[ error ] [8]未定义数组索引: _data[D:\wamp64\www\think\runtime\temp\53db235a9d92eda9be68f533fec7e6c4.php:147]
[ error ] [8]未定义数组索引: _data[D:\wamp64\www\think\runtime\temp\53db235a9d92eda9be68f533fec7e6c4.php:147]
[ error ] [8]未定义数组索引: ico[D:\wamp64\www\think\runtime\temp\53db235a9d92eda9be68f533fec7e6c4.php:146]
[ error ] [8]未定义数组索引: name[D:\wamp64\www\think\runtime\temp\53db235a9d92eda9be68f533fec7e6c4.php:146]
[ error ] [8]未定义数组索引: _data[D:\wamp64\www\think\runtime\temp\53db235a9d92eda9be68f533fec7e6c4.php:147]
[ error ] [8]未定义数组索引: _data[D:\wamp64\www\think\runtime\temp\53db235a9d92eda9be68f533fec7e6c4.php:147]
[ error ] [8]未定义数组索引: _data[D:\wamp64\www\think\runtime\temp\53db235a9d92eda9be68f533fec7e6c4.php:147]
[ error ] [8]未定义数组索引: ico[D:\wamp64\www\think\runtime\temp\53db235a9d92eda9be68f533fec7e6c4.php:146]
[ error ] [8]未定义数组索引: name[D:\wamp64\www\think\runtime\temp\53db235a9d92eda9be68f533fec7e6c4.php:146]
[ error ] [8]未定义数组索引: _data[D:\wamp64\www\think\runtime\temp\53db235a9d92eda9be68f533fec7e6c4.php:147]
[ error ] [8]未定义数组索引: _data[D:\wamp64\www\think\runtime\temp\53db235a9d92eda9be68f533fec7e6c4.php:147]
[ error ] [8]未定义数组索引: _data[D:\wamp64\www\think\runtime\temp\53db235a9d92eda9be68f533fec7e6c4.php:147]
[ error ] [8]未定义数组索引: ico[D:\wamp64\www\think\runtime\temp\53db235a9d92eda9be68f533fec7e6c4.php:146]
[ error ] [8]未定义数组索引: name[D:\wamp64\www\think\runtime\temp\53db235a9d92eda9be68f533fec7e6c4.php:146]
[ error ] [8]未定义数组索引: _data[D:\wamp64\www\think\runtime\temp\53db235a9d92eda9be68f533fec7e6c4.php:147]
[ error ] [8]未定义数组索引: _data[D:\wamp64\www\think\runtime\temp\53db235a9d92eda9be68f533fec7e6c4.php:147]
[ error ] [8]未定义数组索引: _data[D:\wamp64\www\think\runtime\temp\53db235a9d92eda9be68f533fec7e6c4.php:147]
[ error ] [8]未定义数组索引: ico[D:\wamp64\www\think\runtime\temp\53db235a9d92eda9be68f533fec7e6c4.php:146]
[ error ] [8]未定义数组索引: name[D:\wamp64\www\think\runtime\temp\53db235a9d92eda9be68f533fec7e6c4.php:146]
[ error ] [8]未定义数组索引: _data[D:\wamp64\www\think\runtime\temp\53db235a9d92eda9be68f533fec7e6c4.php:147]
[ error ] [8]未定义数组索引: _data[D:\wamp64\www\think\runtime\temp\53db235a9d92eda9be68f533fec7e6c4.php:147]
[ error ] [8]未定义数组索引: _data[D:\wamp64\www\think\runtime\temp\53db235a9d92eda9be68f533fec7e6c4.php:147]
[ error ] [8]未定义数组索引: ico[D:\wamp64\www\think\runtime\temp\53db235a9d92eda9be68f533fec7e6c4.php:146]
[ error ] [8]未定义数组索引: name[D:\wamp64\www\think\runtime\temp\53db235a9d92eda9be68f533fec7e6c4.php:146]
[ error ] [8]未定义数组索引: _data[D:\wamp64\www\think\runtime\temp\53db235a9d92eda9be68f533fec7e6c4.php:147]
[ error ] [8]未定义数组索引: _data[D:\wamp64\www\think\runtime\temp\53db235a9d92eda9be68f533fec7e6c4.php:147]
[ error ] [8]未定义数组索引: _data[D:\wamp64\www\think\runtime\temp\53db235a9d92eda9be68f533fec7e6c4.php:147]
[ error ] [8]未定义数组索引: ico[D:\wamp64\www\think\runtime\temp\53db235a9d92eda9be68f533fec7e6c4.php:146]
[ error ] [8]未定义数组索引: name[D:\wamp64\www\think\runtime\temp\53db235a9d92eda9be68f533fec7e6c4.php:146]
[ error ] [8]未定义数组索引: _data[D:\wamp64\www\think\runtime\temp\53db235a9d92eda9be68f533fec7e6c4.php:147]
[ error ] [8]未定义数组索引: _data[D:\wamp64\www\think\runtime\temp\53db235a9d92eda9be68f533fec7e6c4.php:147]
[ error ] [8]未定义数组索引: _data[D:\wamp64\www\think\runtime\temp\53db235a9d92eda9be68f533fec7e6c4.php:147]
---------------------------------------------------------------
[ 2018-05-14T01:12:43+08:00 ] 127.0.0.1 127.0.0.1 GET /admin/index/member/.html
[ info ] gkkblog.com/admin/index/member/.html [运行时间：0.109660s][吞吐率：9.12req/s] [内存消耗：5,223.45kb] [文件加载：58]
[ info ] [ LANG ] D:\wamp64\www\think\thinkphp\lang\zh-cn.php
[ info ] [ ROUTE ] array (
  'type' => 'module',
  'module' => 
  array (
    0 => 'pyadminurl',
    1 => 'index',
    2 => 'member',
  ),
  'convert' => false,
)
[ info ] [ HEADER ] array (
  'host' => 'gkkblog.com',
  'connection' => 'keep-alive',
  'accept' => 'application/json, text/javascript, */*; q=0.01',
  'x-requested-with' => 'XMLHttpRequest',
  'user-agent' => 'Mozilla/5.0 (Windows NT 10.0; Win64; x64) AppleWebKit/537.36 (KHTML, like Gecko) Chrome/66.0.3359.139 Safari/537.36',
  'referer' => 'http://gkkblog.com/admin/index/',
  'accept-encoding' => 'gzip, deflate',
  'accept-language' => 'zh-CN,zh;q=0.9',
  'cookie' => 'thinkphp_show_page_trace=0|0; bdshare_firstime=1526123551445; PHPSESSID=f9dlkp7vkeh721cnism929l3a0',
)
[ info ] [ PARAM ] array (
)
[ info ] [ SESSION ] INIT array (
  'id' => '',
  'var_session_id' => '',
  'prefix' => 'think',
  'type' => '',
  'auto_start' => true,
  'expire' => 518400,
)
[ info ] [ RUN ] app\pyadminurl\controller\Index->member[ D:\wamp64\www\think\application\pyadminurl\controller\Index.php ]
[ info ] [ DB ] INIT mysql
[ info ] [ LOG ] INIT File
[ sql ] [ DB ] CONNECT:[ UseTime:0.003352s ] mysql:host=127.0.0.1;port=3306;dbname=blog;charset=utf8
[ sql ] [ SQL ] SHOW COLUMNS FROM `blog_user` [ RunTime:0.000915s ]
[ sql ] [ SQL ] SELECT * FROM `blog_user` [ RunTime:0.000409s ]
[ sql ] [ SQL ] SELECT * FROM `blog_user` [ RunTime:0.000333s ]
[ sql ] [ SQL ] SELECT * FROM `blog_user` [ RunTime:0.000336s ]
[ sql ] [ SQL ] SELECT * FROM `blog_user` [ RunTime:0.000293s ]
[ sql ] [ SQL ] SELECT * FROM `blog_user` [ RunTime:0.000288s ]
[ sql ] [ SQL ] SELECT * FROM `blog_user` [ RunTime:0.000328s ]
[ sql ] [ SQL ] SELECT * FROM `blog_user` [ RunTime:0.000283s ]
[ sql ] [ SQL ] SELECT * FROM `blog_user` [ RunTime:0.000305s ]
[ sql ] [ SQL ] SELECT * FROM `blog_user` [ RunTime:0.000302s ]
[ sql ] [ SQL ] SELECT * FROM `blog_user` [ RunTime:0.000301s ]
[ sql ] [ SQL ] SELECT * FROM `blog_user` [ RunTime:0.000307s ]
[ sql ] [ SQL ] SELECT * FROM `blog_user` [ RunTime:0.000357s ]
---------------------------------------------------------------
[ 2018-05-14T01:12:46+08:00 ] 127.0.0.1 127.0.0.1 GET /admin/nav/.html?_=1526231566430
[ info ] gkkblog.com/admin/nav/.html?_=1526231566430 [运行时间：0.078479s][吞吐率：12.74req/s] [内存消耗：5,614.27kb] [文件加载：65]
[ info ] [ LANG ] D:\wamp64\www\think\thinkphp\lang\zh-cn.php
[ info ] [ ROUTE ] array (
  'type' => 'module',
  'module' => 
  array (
    0 => 'pyadminurl',
    1 => 'nav',
    2 => 'index',
  ),
  'convert' => false,
)
[ info ] [ HEADER ] array (
  'host' => 'gkkblog.com',
  'connection' => 'keep-alive',
  'accept' => 'text/html, */*; q=0.01',
  'x-requested-with' => 'XMLHttpRequest',
  'user-agent' => 'Mozilla/5.0 (Windows NT 10.0; Win64; x64) AppleWebKit/537.36 (KHTML, like Gecko) Chrome/66.0.3359.139 Safari/537.36',
  'referer' => 'http://gkkblog.com/admin/index/',
  'accept-encoding' => 'gzip, deflate',
  'accept-language' => 'zh-CN,zh;q=0.9',
  'cookie' => 'bdshare_firstime=1526123551445; PHPSESSID=f9dlkp7vkeh721cnism929l3a0',
)
[ info ] [ PARAM ] array (
  '_' => '1526231566430',
)
[ info ] [ SESSION ] INIT array (
  'id' => '',
  'var_session_id' => '',
  'prefix' => 'think',
  'type' => '',
  'auto_start' => true,
  'expire' => 518400,
)
[ info ] [ DB ] INIT mysql
[ info ] [ RUN ] app\pyadminurl\controller\Nav->index[ D:\wamp64\www\think\application\pyadminurl\controller\Nav.php ]
[ info ] [ VIEW ] D:\wamp64\www\think\public/../application/pyadminurl\view\nav\index.html [ array (
  0 => 'data',
) ]
[ info ] [ LOG ] INIT File
[ sql ] [ DB ] CONNECT:[ UseTime:0.001100s ] mysql:host=127.0.0.1;port=3306;dbname=blog;charset=utf8
[ sql ] [ SQL ] SHOW COLUMNS FROM `blog_navs` [ RunTime:0.001908s ]
[ sql ] [ SQL ] SELECT * FROM `blog_navs` [ RunTime:0.000431s ]
[ error ] [8]未定义数组索引: ico[D:\wamp64\www\think\runtime\temp\a7f4cafc8dffea1ab1360a6fa45b23a8.php:44]
[ error ] [8]未定义数组索引: id[D:\wamp64\www\think\runtime\temp\a7f4cafc8dffea1ab1360a6fa45b23a8.php:46]
[ error ] [8]未定义数组索引: id[D:\wamp64\www\think\runtime\temp\a7f4cafc8dffea1ab1360a6fa45b23a8.php:54]
[ error ] [8]未定义数组索引: id[D:\wamp64\www\think\runtime\temp\a7f4cafc8dffea1ab1360a6fa45b23a8.php:63]
[ error ] [8]未定义数组索引: ico[D:\wamp64\www\think\runtime\temp\a7f4cafc8dffea1ab1360a6fa45b23a8.php:44]
[ error ] [8]未定义数组索引: id[D:\wamp64\www\think\runtime\temp\a7f4cafc8dffea1ab1360a6fa45b23a8.php:46]
[ error ] [8]未定义数组索引: id[D:\wamp64\www\think\runtime\temp\a7f4cafc8dffea1ab1360a6fa45b23a8.php:54]
[ error ] [8]未定义数组索引: id[D:\wamp64\www\think\runtime\temp\a7f4cafc8dffea1ab1360a6fa45b23a8.php:63]
[ error ] [8]未定义数组索引: ico[D:\wamp64\www\think\runtime\temp\a7f4cafc8dffea1ab1360a6fa45b23a8.php:44]
[ error ] [8]未定义数组索引: id[D:\wamp64\www\think\runtime\temp\a7f4cafc8dffea1ab1360a6fa45b23a8.php:46]
[ error ] [8]未定义数组索引: id[D:\wamp64\www\think\runtime\temp\a7f4cafc8dffea1ab1360a6fa45b23a8.php:54]
[ error ] [8]未定义数组索引: id[D:\wamp64\www\think\runtime\temp\a7f4cafc8dffea1ab1360a6fa45b23a8.php:63]
[ error ] [8]未定义数组索引: ico[D:\wamp64\www\think\runtime\temp\a7f4cafc8dffea1ab1360a6fa45b23a8.php:44]
[ error ] [8]未定义数组索引: id[D:\wamp64\www\think\runtime\temp\a7f4cafc8dffea1ab1360a6fa45b23a8.php:46]
[ error ] [8]未定义数组索引: id[D:\wamp64\www\think\runtime\temp\a7f4cafc8dffea1ab1360a6fa45b23a8.php:54]
[ error ] [8]未定义数组索引: id[D:\wamp64\www\think\runtime\temp\a7f4cafc8dffea1ab1360a6fa45b23a8.php:63]
[ error ] [8]未定义数组索引: ico[D:\wamp64\www\think\runtime\temp\a7f4cafc8dffea1ab1360a6fa45b23a8.php:44]
[ error ] [8]未定义数组索引: id[D:\wamp64\www\think\runtime\temp\a7f4cafc8dffea1ab1360a6fa45b23a8.php:46]
[ error ] [8]未定义数组索引: id[D:\wamp64\www\think\runtime\temp\a7f4cafc8dffea1ab1360a6fa45b23a8.php:54]
[ error ] [8]未定义数组索引: id[D:\wamp64\www\think\runtime\temp\a7f4cafc8dffea1ab1360a6fa45b23a8.php:63]
[ error ] [8]未定义数组索引: ico[D:\wamp64\www\think\runtime\temp\a7f4cafc8dffea1ab1360a6fa45b23a8.php:44]
[ error ] [8]未定义数组索引: id[D:\wamp64\www\think\runtime\temp\a7f4cafc8dffea1ab1360a6fa45b23a8.php:46]
[ error ] [8]未定义数组索引: id[D:\wamp64\www\think\runtime\temp\a7f4cafc8dffea1ab1360a6fa45b23a8.php:54]
[ error ] [8]未定义数组索引: id[D:\wamp64\www\think\runtime\temp\a7f4cafc8dffea1ab1360a6fa45b23a8.php:63]
[ error ] [8]未定义数组索引: ico[D:\wamp64\www\think\runtime\temp\a7f4cafc8dffea1ab1360a6fa45b23a8.php:44]
[ error ] [8]未定义数组索引: id[D:\wamp64\www\think\runtime\temp\a7f4cafc8dffea1ab1360a6fa45b23a8.php:46]
[ error ] [8]未定义数组索引: id[D:\wamp64\www\think\runtime\temp\a7f4cafc8dffea1ab1360a6fa45b23a8.php:54]
[ error ] [8]未定义数组索引: id[D:\wamp64\www\think\runtime\temp\a7f4cafc8dffea1ab1360a6fa45b23a8.php:63]
